{"C:\\Users\\paben\\OneDrive\\Documentos\\realstate\\api\\src\\application\\services\\address.ts": {"path":"C:\\Users\\paben\\OneDrive\\Documentos\\realstate\\api\\src\\application\\services\\address.ts","statementMap":{"0":{"start":{"line":1,"column":0},"end":{"line":1,"column":46}},"1":{"start":{"line":2,"column":0},"end":{"line":2,"column":25}},"2":{"start":{"line":7,"column":0},"end":{"line":7,"column":65}},"3":{"start":{"line":8,"column":0},"end":{"line":8,"column":55}},"4":{"start":{"line":11,"column":15},"end":{"line":68,"column":null}},"5":{"start":{"line":13,"column":55},"end":{"line":13,"column":92}},"6":{"start":{"line":14,"column":56},"end":{"line":14,"column":95}},"7":{"start":{"line":15,"column":51},"end":{"line":15,"column":80}},"8":{"start":{"line":19,"column":31},"end":{"line":19,"column":87}},"9":{"start":{"line":20,"column":8},"end":{"line":20,"column":null}},"10":{"start":{"line":20,"column":29},"end":{"line":20,"column":null}},"11":{"start":{"line":21,"column":37},"end":{"line":21,"column":108}},"12":{"start":{"line":22,"column":8},"end":{"line":22,"column":null}},"13":{"start":{"line":22,"column":34},"end":{"line":22,"column":null}},"14":{"start":{"line":23,"column":24},"end":{"line":23,"column":37}},"15":{"start":{"line":24,"column":8},"end":{"line":24,"column":null}},"16":{"start":{"line":25,"column":8},"end":{"line":25,"column":null}},"17":{"start":{"line":26,"column":8},"end":{"line":26,"column":null}},"18":{"start":{"line":27,"column":8},"end":{"line":27,"column":null}},"19":{"start":{"line":28,"column":8},"end":{"line":28,"column":null}},"20":{"start":{"line":29,"column":8},"end":{"line":29,"column":null}},"21":{"start":{"line":30,"column":8},"end":{"line":30,"column":null}},"22":{"start":{"line":31,"column":8},"end":{"line":31,"column":null}},"23":{"start":{"line":32,"column":8},"end":{"line":32,"column":null}},"24":{"start":{"line":34,"column":8},"end":{"line":34,"column":null}},"25":{"start":{"line":38,"column":31},"end":{"line":38,"column":87}},"26":{"start":{"line":39,"column":8},"end":{"line":39,"column":null}},"27":{"start":{"line":39,"column":29},"end":{"line":39,"column":null}},"28":{"start":{"line":40,"column":24},"end":{"line":40,"column":95}},"29":{"start":{"line":41,"column":8},"end":{"line":41,"column":null}},"30":{"start":{"line":41,"column":22},"end":{"line":41,"column":null}},"31":{"start":{"line":42,"column":8},"end":{"line":42,"column":null}},"32":{"start":{"line":43,"column":8},"end":{"line":43,"column":null}},"33":{"start":{"line":44,"column":8},"end":{"line":44,"column":null}},"34":{"start":{"line":45,"column":8},"end":{"line":45,"column":null}},"35":{"start":{"line":46,"column":8},"end":{"line":46,"column":null}},"36":{"start":{"line":47,"column":8},"end":{"line":47,"column":null}},"37":{"start":{"line":48,"column":8},"end":{"line":48,"column":null}},"38":{"start":{"line":50,"column":8},"end":{"line":50,"column":null}},"39":{"start":{"line":54,"column":31},"end":{"line":54,"column":87}},"40":{"start":{"line":55,"column":8},"end":{"line":55,"column":null}},"41":{"start":{"line":55,"column":29},"end":{"line":55,"column":null}},"42":{"start":{"line":56,"column":24},"end":{"line":56,"column":95}},"43":{"start":{"line":57,"column":8},"end":{"line":57,"column":null}},"44":{"start":{"line":57,"column":22},"end":{"line":57,"column":null}},"45":{"start":{"line":58,"column":8},"end":{"line":58,"column":27}},"46":{"start":{"line":62,"column":31},"end":{"line":62,"column":87}},"47":{"start":{"line":63,"column":8},"end":{"line":63,"column":null}},"48":{"start":{"line":63,"column":29},"end":{"line":63,"column":null}},"49":{"start":{"line":64,"column":24},"end":{"line":64,"column":95}},"50":{"start":{"line":65,"column":8},"end":{"line":65,"column":null}},"51":{"start":{"line":65,"column":22},"end":{"line":65,"column":null}},"52":{"start":{"line":66,"column":8},"end":{"line":66,"column":null}},"53":{"start":{"line":11,"column":21},"end":{"line":68,"column":null}},"54":{"start":{"line":11,"column":21},"end":{"line":11,"column":null}}},"fnMap":{"0":{"name":"(anonymous_11)","decl":{"start":{"line":12,"column":4},"end":{"line":12,"column":null}},"loc":{"start":{"line":15,"column":80},"end":{"line":16,"column":7}}},"1":{"name":"(anonymous_12)","decl":{"start":{"line":18,"column":10},"end":{"line":18,"column":14}},"loc":{"start":{"line":18,"column":56},"end":{"line":35,"column":null}}},"2":{"name":"(anonymous_14)","decl":{"start":{"line":37,"column":10},"end":{"line":37,"column":16}},"loc":{"start":{"line":37,"column":60},"end":{"line":51,"column":null}}},"3":{"name":"(anonymous_16)","decl":{"start":{"line":53,"column":10},"end":{"line":53,"column":13}},"loc":{"start":{"line":53,"column":54},"end":{"line":59,"column":null}}},"4":{"name":"(anonymous_18)","decl":{"start":{"line":61,"column":10},"end":{"line":61,"column":16}},"loc":{"start":{"line":61,"column":60},"end":{"line":67,"column":null}}}},"branchMap":{"0":{"loc":{"start":{"line":20,"column":8},"end":{"line":20,"column":null}},"type":"if","locations":[{"start":{"line":20,"column":8},"end":{"line":20,"column":null}}]},"1":{"loc":{"start":{"line":22,"column":8},"end":{"line":22,"column":null}},"type":"if","locations":[{"start":{"line":22,"column":8},"end":{"line":22,"column":null}}]},"2":{"loc":{"start":{"line":39,"column":8},"end":{"line":39,"column":null}},"type":"if","locations":[{"start":{"line":39,"column":8},"end":{"line":39,"column":null}}]},"3":{"loc":{"start":{"line":41,"column":8},"end":{"line":41,"column":null}},"type":"if","locations":[{"start":{"line":41,"column":8},"end":{"line":41,"column":null}}]},"4":{"loc":{"start":{"line":55,"column":8},"end":{"line":55,"column":null}},"type":"if","locations":[{"start":{"line":55,"column":8},"end":{"line":55,"column":null}}]},"5":{"loc":{"start":{"line":57,"column":8},"end":{"line":57,"column":null}},"type":"if","locations":[{"start":{"line":57,"column":8},"end":{"line":57,"column":null}}]},"6":{"loc":{"start":{"line":63,"column":8},"end":{"line":63,"column":null}},"type":"if","locations":[{"start":{"line":63,"column":8},"end":{"line":63,"column":null}}]},"7":{"loc":{"start":{"line":65,"column":8},"end":{"line":65,"column":null}},"type":"if","locations":[{"start":{"line":65,"column":8},"end":{"line":65,"column":null}}]}},"s":{"0":8,"1":8,"2":8,"3":8,"4":8,"5":1,"6":1,"7":1,"8":1,"9":1,"10":0,"11":1,"12":1,"13":1,"14":0,"15":0,"16":0,"17":0,"18":0,"19":0,"20":0,"21":0,"22":0,"23":0,"24":0,"25":1,"26":1,"27":0,"28":1,"29":1,"30":0,"31":1,"32":1,"33":1,"34":1,"35":1,"36":1,"37":1,"38":1,"39":1,"40":1,"41":0,"42":1,"43":1,"44":0,"45":1,"46":0,"47":0,"48":0,"49":0,"50":0,"51":0,"52":0,"53":8,"54":8},"f":{"0":1,"1":1,"2":1,"3":1,"4":0},"b":{"0":[0],"1":[1],"2":[0],"3":[0],"4":[0],"5":[0],"6":[0],"7":[0]}}
,"C:\\Users\\paben\\OneDrive\\Documentos\\realstate\\api\\src\\application\\services\\auth.ts": {"path":"C:\\Users\\paben\\OneDrive\\Documentos\\realstate\\api\\src\\application\\services\\auth.ts","statementMap":{"0":{"start":{"line":1,"column":0},"end":{"line":1,"column":47}},"1":{"start":{"line":2,"column":0},"end":{"line":2,"column":25}},"2":{"start":{"line":7,"column":0},"end":{"line":7,"column":66}},"3":{"start":{"line":8,"column":0},"end":{"line":8,"column":50}},"4":{"start":{"line":10,"column":0},"end":{"line":10,"column":63}},"5":{"start":{"line":13,"column":0},"end":{"line":13,"column":73}},"6":{"start":{"line":16,"column":15},"end":{"line":85,"column":null}},"7":{"start":{"line":18,"column":50},"end":{"line":18,"column":81}},"8":{"start":{"line":19,"column":49},"end":{"line":19,"column":78}},"9":{"start":{"line":20,"column":52},"end":{"line":20,"column":87}},"10":{"start":{"line":21,"column":42},"end":{"line":21,"column":57}},"11":{"start":{"line":22,"column":39},"end":{"line":22,"column":59}},"12":{"start":{"line":23,"column":42},"end":{"line":23,"column":57}},"13":{"start":{"line":27,"column":8},"end":{"line":27,"column":null}},"14":{"start":{"line":28,"column":23},"end":{"line":28,"column":73}},"15":{"start":{"line":29,"column":8},"end":{"line":29,"column":null}},"16":{"start":{"line":29,"column":20},"end":{"line":29,"column":null}},"17":{"start":{"line":30,"column":21},"end":{"line":30,"column":31}},"18":{"start":{"line":31,"column":8},"end":{"line":31,"column":null}},"19":{"start":{"line":32,"column":8},"end":{"line":32,"column":null}},"20":{"start":{"line":33,"column":8},"end":{"line":33,"column":null}},"21":{"start":{"line":34,"column":8},"end":{"line":34,"column":null}},"22":{"start":{"line":35,"column":8},"end":{"line":35,"column":null}},"23":{"start":{"line":36,"column":8},"end":{"line":36,"column":null}},"24":{"start":{"line":37,"column":8},"end":{"line":37,"column":null}},"25":{"start":{"line":39,"column":23},"end":{"line":39,"column":35}},"26":{"start":{"line":40,"column":8},"end":{"line":40,"column":null}},"27":{"start":{"line":41,"column":8},"end":{"line":41,"column":null}},"28":{"start":{"line":42,"column":8},"end":{"line":42,"column":null}},"29":{"start":{"line":43,"column":8},"end":{"line":43,"column":null}},"30":{"start":{"line":44,"column":8},"end":{"line":44,"column":null}},"31":{"start":{"line":46,"column":8},"end":{"line":54,"column":null}},"32":{"start":{"line":58,"column":23},"end":{"line":58,"column":73}},"33":{"start":{"line":59,"column":8},"end":{"line":59,"column":null}},"34":{"start":{"line":59,"column":21},"end":{"line":59,"column":null}},"35":{"start":{"line":61,"column":23},"end":{"line":61,"column":72}},"36":{"start":{"line":63,"column":8},"end":{"line":63,"column":null}},"37":{"start":{"line":63,"column":58},"end":{"line":63,"column":null}},"38":{"start":{"line":64,"column":8},"end":{"line":64,"column":null}},"39":{"start":{"line":66,"column":32},"end":{"line":66,"column":84}},"40":{"start":{"line":67,"column":8},"end":{"line":67,"column":null}},"41":{"start":{"line":67,"column":30},"end":{"line":67,"column":null}},"42":{"start":{"line":69,"column":22},"end":{"line":69,"column":113}},"43":{"start":{"line":71,"column":8},"end":{"line":71,"column":null}},"44":{"start":{"line":75,"column":34},"end":{"line":75,"column":56}},"45":{"start":{"line":76,"column":28},"end":{"line":76,"column":68}},"46":{"start":{"line":77,"column":8},"end":{"line":77,"column":null}},"47":{"start":{"line":77,"column":26},"end":{"line":77,"column":null}},"48":{"start":{"line":78,"column":23},"end":{"line":78,"column":79}},"49":{"start":{"line":79,"column":8},"end":{"line":79,"column":null}},"50":{"start":{"line":79,"column":21},"end":{"line":79,"column":null}},"51":{"start":{"line":81,"column":22},"end":{"line":81,"column":113}},"52":{"start":{"line":83,"column":8},"end":{"line":83,"column":null}},"53":{"start":{"line":16,"column":21},"end":{"line":85,"column":null}},"54":{"start":{"line":16,"column":21},"end":{"line":16,"column":null}}},"fnMap":{"0":{"name":"(anonymous_18)","decl":{"start":{"line":17,"column":4},"end":{"line":17,"column":null}},"loc":{"start":{"line":23,"column":57},"end":{"line":24,"column":7}}},"1":{"name":"(anonymous_19)","decl":{"start":{"line":26,"column":10},"end":{"line":26,"column":16}},"loc":{"start":{"line":26,"column":50},"end":{"line":55,"column":null}}},"2":{"name":"(anonymous_21)","decl":{"start":{"line":57,"column":10},"end":{"line":57,"column":16}},"loc":{"start":{"line":57,"column":50},"end":{"line":72,"column":null}}},"3":{"name":"(anonymous_23)","decl":{"start":{"line":74,"column":10},"end":{"line":74,"column":22}},"loc":{"start":{"line":74,"column":62},"end":{"line":84,"column":null}}}},"branchMap":{"0":{"loc":{"start":{"line":29,"column":8},"end":{"line":29,"column":null}},"type":"if","locations":[{"start":{"line":29,"column":8},"end":{"line":29,"column":null}}]},"1":{"loc":{"start":{"line":59,"column":8},"end":{"line":59,"column":null}},"type":"if","locations":[{"start":{"line":59,"column":8},"end":{"line":59,"column":null}}]},"2":{"loc":{"start":{"line":63,"column":8},"end":{"line":63,"column":null}},"type":"if","locations":[{"start":{"line":63,"column":8},"end":{"line":63,"column":null}}]},"3":{"loc":{"start":{"line":63,"column":12},"end":{"line":63,"column":29}},"type":"cond-expr","locations":[{"start":{"line":63,"column":18},"end":{"line":63,"column":20}},{"start":{"line":63,"column":12},"end":{"line":63,"column":29}}]},"4":{"loc":{"start":{"line":63,"column":12},"end":{"line":63,"column":20}},"type":"binary-expr","locations":[{"start":{"line":63,"column":12},"end":{"line":63,"column":20}},{"start":{"line":63,"column":12},"end":{"line":63,"column":20}}]},"5":{"loc":{"start":{"line":64,"column":43},"end":{"line":64,"column":54}},"type":"cond-expr","locations":[{"start":{"line":64,"column":49},"end":{"line":64,"column":51}},{"start":{"line":64,"column":43},"end":{"line":64,"column":54}}]},"6":{"loc":{"start":{"line":64,"column":43},"end":{"line":64,"column":51}},"type":"binary-expr","locations":[{"start":{"line":64,"column":43},"end":{"line":64,"column":51}},{"start":{"line":64,"column":43},"end":{"line":64,"column":51}}]},"7":{"loc":{"start":{"line":67,"column":8},"end":{"line":67,"column":null}},"type":"if","locations":[{"start":{"line":67,"column":8},"end":{"line":67,"column":null}}]},"8":{"loc":{"start":{"line":77,"column":8},"end":{"line":77,"column":null}},"type":"if","locations":[{"start":{"line":77,"column":8},"end":{"line":77,"column":null}}]},"9":{"loc":{"start":{"line":79,"column":8},"end":{"line":79,"column":null}},"type":"if","locations":[{"start":{"line":79,"column":8},"end":{"line":79,"column":null}}]}},"s":{"0":8,"1":8,"2":8,"3":8,"4":8,"5":8,"6":8,"7":1,"8":1,"9":1,"10":1,"11":1,"12":1,"13":1,"14":1,"15":1,"16":0,"17":1,"18":1,"19":1,"20":1,"21":1,"22":1,"23":1,"24":1,"25":1,"26":1,"27":1,"28":1,"29":1,"30":1,"31":1,"32":0,"33":0,"34":0,"35":0,"36":0,"37":0,"38":0,"39":0,"40":0,"41":0,"42":0,"43":0,"44":0,"45":0,"46":0,"47":0,"48":0,"49":0,"50":0,"51":0,"52":0,"53":8,"54":8},"f":{"0":1,"1":1,"2":0,"3":0},"b":{"0":[0],"1":[0],"2":[0],"3":[0,0],"4":[0,0],"5":[0,0],"6":[0,0],"7":[0],"8":[0],"9":[0]}}
,"C:\\Users\\paben\\OneDrive\\Documentos\\realstate\\api\\src\\application\\services\\features.ts": {"path":"C:\\Users\\paben\\OneDrive\\Documentos\\realstate\\api\\src\\application\\services\\features.ts","statementMap":{"0":{"start":{"line":1,"column":0},"end":{"line":1,"column":46}},"1":{"start":{"line":2,"column":0},"end":{"line":2,"column":25}},"2":{"start":{"line":6,"column":0},"end":{"line":6,"column":56}},"3":{"start":{"line":7,"column":0},"end":{"line":7,"column":65}},"4":{"start":{"line":10,"column":15},"end":{"line":49,"column":null}},"5":{"start":{"line":12,"column":51},"end":{"line":12,"column":80}},"6":{"start":{"line":13,"column":56},"end":{"line":13,"column":95}},"7":{"start":{"line":17,"column":24},"end":{"line":17,"column":37}},"8":{"start":{"line":18,"column":8},"end":{"line":18,"column":null}},"9":{"start":{"line":19,"column":8},"end":{"line":19,"column":null}},"10":{"start":{"line":20,"column":8},"end":{"line":20,"column":null}},"11":{"start":{"line":22,"column":8},"end":{"line":22,"column":null}},"12":{"start":{"line":26,"column":24},"end":{"line":26,"column":72}},"13":{"start":{"line":27,"column":8},"end":{"line":27,"column":null}},"14":{"start":{"line":27,"column":22},"end":{"line":27,"column":null}},"15":{"start":{"line":28,"column":8},"end":{"line":28,"column":null}},"16":{"start":{"line":29,"column":8},"end":{"line":29,"column":null}},"17":{"start":{"line":30,"column":8},"end":{"line":30,"column":null}},"18":{"start":{"line":34,"column":24},"end":{"line":34,"column":79}},"19":{"start":{"line":35,"column":8},"end":{"line":35,"column":null}},"20":{"start":{"line":35,"column":22},"end":{"line":35,"column":null}},"21":{"start":{"line":36,"column":8},"end":{"line":36,"column":27}},"22":{"start":{"line":40,"column":25},"end":{"line":40,"column":72}},"23":{"start":{"line":41,"column":8},"end":{"line":41,"column":null}},"24":{"start":{"line":45,"column":24},"end":{"line":45,"column":72}},"25":{"start":{"line":46,"column":8},"end":{"line":46,"column":null}},"26":{"start":{"line":46,"column":22},"end":{"line":46,"column":null}},"27":{"start":{"line":47,"column":8},"end":{"line":47,"column":null}},"28":{"start":{"line":10,"column":21},"end":{"line":49,"column":null}},"29":{"start":{"line":10,"column":21},"end":{"line":10,"column":null}}},"fnMap":{"0":{"name":"(anonymous_11)","decl":{"start":{"line":11,"column":4},"end":{"line":11,"column":null}},"loc":{"start":{"line":13,"column":95},"end":{"line":14,"column":7}}},"1":{"name":"(anonymous_12)","decl":{"start":{"line":16,"column":10},"end":{"line":16,"column":14}},"loc":{"start":{"line":16,"column":57},"end":{"line":23,"column":null}}},"2":{"name":"(anonymous_14)","decl":{"start":{"line":25,"column":10},"end":{"line":25,"column":16}},"loc":{"start":{"line":25,"column":61},"end":{"line":31,"column":null}}},"3":{"name":"(anonymous_16)","decl":{"start":{"line":33,"column":10},"end":{"line":33,"column":17}},"loc":{"start":{"line":33,"column":59},"end":{"line":37,"column":null}}},"4":{"name":"(anonymous_18)","decl":{"start":{"line":39,"column":10},"end":{"line":39,"column":16}},"loc":{"start":{"line":39,"column":16},"end":{"line":42,"column":null}}},"5":{"name":"(anonymous_20)","decl":{"start":{"line":44,"column":10},"end":{"line":44,"column":16}},"loc":{"start":{"line":44,"column":61},"end":{"line":48,"column":null}}}},"branchMap":{"0":{"loc":{"start":{"line":27,"column":8},"end":{"line":27,"column":null}},"type":"if","locations":[{"start":{"line":27,"column":8},"end":{"line":27,"column":null}}]},"1":{"loc":{"start":{"line":35,"column":8},"end":{"line":35,"column":null}},"type":"if","locations":[{"start":{"line":35,"column":8},"end":{"line":35,"column":null}}]},"2":{"loc":{"start":{"line":46,"column":8},"end":{"line":46,"column":null}},"type":"if","locations":[{"start":{"line":46,"column":8},"end":{"line":46,"column":null}}]}},"s":{"0":8,"1":8,"2":8,"3":8,"4":8,"5":1,"6":1,"7":1,"8":1,"9":1,"10":1,"11":1,"12":1,"13":0,"14":0,"15":0,"16":0,"17":0,"18":1,"19":0,"20":0,"21":0,"22":1,"23":1,"24":1,"25":0,"26":0,"27":0,"28":8,"29":8},"f":{"0":1,"1":1,"2":1,"3":1,"4":1,"5":1},"b":{"0":[0],"1":[0],"2":[0]}}
,"C:\\Users\\paben\\OneDrive\\Documentos\\realstate\\api\\src\\application\\services\\financialDetails.ts": {"path":"C:\\Users\\paben\\OneDrive\\Documentos\\realstate\\api\\src\\application\\services\\financialDetails.ts","statementMap":{"0":{"start":{"line":1,"column":0},"end":{"line":1,"column":44}},"1":{"start":{"line":2,"column":0},"end":{"line":2,"column":25}},"2":{"start":{"line":7,"column":0},"end":{"line":7,"column":65}},"3":{"start":{"line":8,"column":0},"end":{"line":8,"column":73}},"4":{"start":{"line":11,"column":15},"end":{"line":81,"column":null}},"5":{"start":{"line":13,"column":64},"end":{"line":13,"column":119}},"6":{"start":{"line":14,"column":56},"end":{"line":14,"column":95}},"7":{"start":{"line":15,"column":51},"end":{"line":15,"column":80}},"8":{"start":{"line":19,"column":31},"end":{"line":19,"column":87}},"9":{"start":{"line":20,"column":8},"end":{"line":20,"column":null}},"10":{"start":{"line":20,"column":29},"end":{"line":20,"column":null}},"11":{"start":{"line":21,"column":46},"end":{"line":21,"column":122}},"12":{"start":{"line":22,"column":8},"end":{"line":22,"column":null}},"13":{"start":{"line":22,"column":43},"end":{"line":22,"column":null}},"14":{"start":{"line":23,"column":33},"end":{"line":23,"column":55}},"15":{"start":{"line":24,"column":8},"end":{"line":24,"column":null}},"16":{"start":{"line":25,"column":8},"end":{"line":25,"column":null}},"17":{"start":{"line":26,"column":8},"end":{"line":26,"column":null}},"18":{"start":{"line":27,"column":8},"end":{"line":27,"column":null}},"19":{"start":{"line":28,"column":8},"end":{"line":28,"column":null}},"20":{"start":{"line":29,"column":8},"end":{"line":29,"column":null}},"21":{"start":{"line":30,"column":8},"end":{"line":30,"column":null}},"22":{"start":{"line":31,"column":8},"end":{"line":31,"column":null}},"23":{"start":{"line":32,"column":8},"end":{"line":32,"column":null}},"24":{"start":{"line":33,"column":8},"end":{"line":33,"column":null}},"25":{"start":{"line":34,"column":8},"end":{"line":34,"column":null}},"26":{"start":{"line":35,"column":8},"end":{"line":35,"column":null}},"27":{"start":{"line":36,"column":8},"end":{"line":36,"column":null}},"28":{"start":{"line":38,"column":8},"end":{"line":38,"column":null}},"29":{"start":{"line":42,"column":31},"end":{"line":42,"column":87}},"30":{"start":{"line":43,"column":8},"end":{"line":43,"column":null}},"31":{"start":{"line":43,"column":29},"end":{"line":43,"column":null}},"32":{"start":{"line":44,"column":33},"end":{"line":44,"column":109}},"33":{"start":{"line":45,"column":8},"end":{"line":45,"column":null}},"34":{"start":{"line":45,"column":31},"end":{"line":45,"column":null}},"35":{"start":{"line":47,"column":8},"end":{"line":48,"column":null}},"36":{"start":{"line":53,"column":31},"end":{"line":53,"column":87}},"37":{"start":{"line":54,"column":8},"end":{"line":54,"column":null}},"38":{"start":{"line":54,"column":29},"end":{"line":54,"column":null}},"39":{"start":{"line":55,"column":33},"end":{"line":55,"column":109}},"40":{"start":{"line":56,"column":8},"end":{"line":56,"column":null}},"41":{"start":{"line":56,"column":31},"end":{"line":56,"column":null}},"42":{"start":{"line":58,"column":8},"end":{"line":58,"column":null}},"43":{"start":{"line":59,"column":8},"end":{"line":59,"column":null}},"44":{"start":{"line":60,"column":8},"end":{"line":60,"column":null}},"45":{"start":{"line":61,"column":8},"end":{"line":61,"column":null}},"46":{"start":{"line":62,"column":8},"end":{"line":62,"column":null}},"47":{"start":{"line":63,"column":8},"end":{"line":63,"column":null}},"48":{"start":{"line":64,"column":8},"end":{"line":64,"column":null}},"49":{"start":{"line":65,"column":8},"end":{"line":65,"column":null}},"50":{"start":{"line":66,"column":8},"end":{"line":66,"column":null}},"51":{"start":{"line":67,"column":8},"end":{"line":67,"column":null}},"52":{"start":{"line":68,"column":8},"end":{"line":68,"column":null}},"53":{"start":{"line":70,"column":8},"end":{"line":70,"column":null}},"54":{"start":{"line":74,"column":31},"end":{"line":74,"column":87}},"55":{"start":{"line":75,"column":8},"end":{"line":75,"column":null}},"56":{"start":{"line":75,"column":29},"end":{"line":75,"column":null}},"57":{"start":{"line":76,"column":33},"end":{"line":76,"column":109}},"58":{"start":{"line":77,"column":8},"end":{"line":77,"column":null}},"59":{"start":{"line":77,"column":31},"end":{"line":77,"column":null}},"60":{"start":{"line":79,"column":8},"end":{"line":79,"column":null}},"61":{"start":{"line":11,"column":21},"end":{"line":81,"column":null}},"62":{"start":{"line":11,"column":21},"end":{"line":11,"column":null}}},"fnMap":{"0":{"name":"(anonymous_11)","decl":{"start":{"line":12,"column":4},"end":{"line":12,"column":null}},"loc":{"start":{"line":15,"column":80},"end":{"line":16,"column":7}}},"1":{"name":"(anonymous_12)","decl":{"start":{"line":18,"column":10},"end":{"line":18,"column":14}},"loc":{"start":{"line":18,"column":67},"end":{"line":39,"column":null}}},"2":{"name":"(anonymous_14)","decl":{"start":{"line":41,"column":10},"end":{"line":41,"column":13}},"loc":{"start":{"line":41,"column":65},"end":{"line":50,"column":null}}},"3":{"name":"(anonymous_16)","decl":{"start":{"line":52,"column":10},"end":{"line":52,"column":16}},"loc":{"start":{"line":52,"column":71},"end":{"line":71,"column":null}}},"4":{"name":"(anonymous_18)","decl":{"start":{"line":73,"column":10},"end":{"line":73,"column":16}},"loc":{"start":{"line":73,"column":71},"end":{"line":80,"column":null}}}},"branchMap":{"0":{"loc":{"start":{"line":20,"column":8},"end":{"line":20,"column":null}},"type":"if","locations":[{"start":{"line":20,"column":8},"end":{"line":20,"column":null}}]},"1":{"loc":{"start":{"line":22,"column":8},"end":{"line":22,"column":null}},"type":"if","locations":[{"start":{"line":22,"column":8},"end":{"line":22,"column":null}}]},"2":{"loc":{"start":{"line":43,"column":8},"end":{"line":43,"column":null}},"type":"if","locations":[{"start":{"line":43,"column":8},"end":{"line":43,"column":null}}]},"3":{"loc":{"start":{"line":45,"column":8},"end":{"line":45,"column":null}},"type":"if","locations":[{"start":{"line":45,"column":8},"end":{"line":45,"column":null}}]},"4":{"loc":{"start":{"line":54,"column":8},"end":{"line":54,"column":null}},"type":"if","locations":[{"start":{"line":54,"column":8},"end":{"line":54,"column":null}}]},"5":{"loc":{"start":{"line":56,"column":8},"end":{"line":56,"column":null}},"type":"if","locations":[{"start":{"line":56,"column":8},"end":{"line":56,"column":null}}]},"6":{"loc":{"start":{"line":75,"column":8},"end":{"line":75,"column":null}},"type":"if","locations":[{"start":{"line":75,"column":8},"end":{"line":75,"column":null}}]},"7":{"loc":{"start":{"line":77,"column":8},"end":{"line":77,"column":null}},"type":"if","locations":[{"start":{"line":77,"column":8},"end":{"line":77,"column":null}}]}},"s":{"0":8,"1":8,"2":8,"3":8,"4":8,"5":1,"6":1,"7":1,"8":1,"9":1,"10":0,"11":1,"12":1,"13":1,"14":0,"15":0,"16":0,"17":0,"18":0,"19":0,"20":0,"21":0,"22":0,"23":0,"24":0,"25":0,"26":0,"27":0,"28":0,"29":1,"30":1,"31":0,"32":1,"33":1,"34":0,"35":1,"36":1,"37":1,"38":0,"39":1,"40":1,"41":0,"42":1,"43":1,"44":1,"45":1,"46":1,"47":1,"48":1,"49":1,"50":1,"51":1,"52":1,"53":1,"54":0,"55":0,"56":0,"57":0,"58":0,"59":0,"60":0,"61":8,"62":8},"f":{"0":1,"1":1,"2":1,"3":1,"4":0},"b":{"0":[0],"1":[1],"2":[0],"3":[0],"4":[0],"5":[0],"6":[0],"7":[0]}}
,"C:\\Users\\paben\\OneDrive\\Documentos\\realstate\\api\\src\\application\\services\\infrastructureDetails.ts": {"path":"C:\\Users\\paben\\OneDrive\\Documentos\\realstate\\api\\src\\application\\services\\infrastructureDetails.ts","statementMap":{"0":{"start":{"line":1,"column":0},"end":{"line":1,"column":25}},"1":{"start":{"line":2,"column":0},"end":{"line":2,"column":46}},"2":{"start":{"line":7,"column":0},"end":{"line":7,"column":65}},"3":{"start":{"line":8,"column":0},"end":{"line":8,"column":83}},"4":{"start":{"line":11,"column":15},"end":{"line":67,"column":null}},"5":{"start":{"line":13,"column":56},"end":{"line":13,"column":95}},"6":{"start":{"line":14,"column":69},"end":{"line":14,"column":134}},"7":{"start":{"line":15,"column":51},"end":{"line":15,"column":80}},"8":{"start":{"line":19,"column":30},"end":{"line":19,"column":86}},"9":{"start":{"line":20,"column":8},"end":{"line":20,"column":null}},"10":{"start":{"line":20,"column":28},"end":{"line":20,"column":null}},"11":{"start":{"line":21,"column":50},"end":{"line":21,"column":136}},"12":{"start":{"line":22,"column":8},"end":{"line":22,"column":null}},"13":{"start":{"line":22,"column":47},"end":{"line":22,"column":null}},"14":{"start":{"line":23,"column":38},"end":{"line":23,"column":65}},"15":{"start":{"line":24,"column":8},"end":{"line":24,"column":null}},"16":{"start":{"line":25,"column":8},"end":{"line":25,"column":null}},"17":{"start":{"line":26,"column":8},"end":{"line":26,"column":null}},"18":{"start":{"line":27,"column":8},"end":{"line":27,"column":null}},"19":{"start":{"line":28,"column":8},"end":{"line":28,"column":null}},"20":{"start":{"line":29,"column":8},"end":{"line":29,"column":null}},"21":{"start":{"line":30,"column":8},"end":{"line":30,"column":null}},"22":{"start":{"line":31,"column":8},"end":{"line":31,"column":null}},"23":{"start":{"line":33,"column":8},"end":{"line":33,"column":null}},"24":{"start":{"line":37,"column":30},"end":{"line":37,"column":86}},"25":{"start":{"line":38,"column":8},"end":{"line":38,"column":null}},"26":{"start":{"line":38,"column":28},"end":{"line":38,"column":null}},"27":{"start":{"line":39,"column":38},"end":{"line":39,"column":124}},"28":{"start":{"line":40,"column":8},"end":{"line":40,"column":null}},"29":{"start":{"line":40,"column":36},"end":{"line":40,"column":null}},"30":{"start":{"line":41,"column":8},"end":{"line":42,"column":null}},"31":{"start":{"line":47,"column":30},"end":{"line":47,"column":86}},"32":{"start":{"line":48,"column":8},"end":{"line":48,"column":null}},"33":{"start":{"line":48,"column":28},"end":{"line":48,"column":null}},"34":{"start":{"line":49,"column":38},"end":{"line":49,"column":124}},"35":{"start":{"line":50,"column":8},"end":{"line":50,"column":null}},"36":{"start":{"line":50,"column":36},"end":{"line":50,"column":null}},"37":{"start":{"line":51,"column":8},"end":{"line":51,"column":null}},"38":{"start":{"line":52,"column":8},"end":{"line":52,"column":null}},"39":{"start":{"line":53,"column":8},"end":{"line":53,"column":null}},"40":{"start":{"line":54,"column":8},"end":{"line":54,"column":null}},"41":{"start":{"line":55,"column":8},"end":{"line":55,"column":null}},"42":{"start":{"line":56,"column":8},"end":{"line":56,"column":null}},"43":{"start":{"line":57,"column":8},"end":{"line":57,"column":null}},"44":{"start":{"line":61,"column":30},"end":{"line":61,"column":86}},"45":{"start":{"line":62,"column":8},"end":{"line":62,"column":null}},"46":{"start":{"line":62,"column":28},"end":{"line":62,"column":null}},"47":{"start":{"line":63,"column":38},"end":{"line":63,"column":124}},"48":{"start":{"line":64,"column":8},"end":{"line":64,"column":null}},"49":{"start":{"line":64,"column":36},"end":{"line":64,"column":null}},"50":{"start":{"line":65,"column":8},"end":{"line":65,"column":null}},"51":{"start":{"line":11,"column":21},"end":{"line":67,"column":null}},"52":{"start":{"line":11,"column":21},"end":{"line":11,"column":null}}},"fnMap":{"0":{"name":"(anonymous_11)","decl":{"start":{"line":12,"column":4},"end":{"line":12,"column":null}},"loc":{"start":{"line":15,"column":80},"end":{"line":16,"column":7}}},"1":{"name":"(anonymous_12)","decl":{"start":{"line":18,"column":10},"end":{"line":18,"column":14}},"loc":{"start":{"line":18,"column":77},"end":{"line":34,"column":null}}},"2":{"name":"(anonymous_14)","decl":{"start":{"line":36,"column":10},"end":{"line":36,"column":13}},"loc":{"start":{"line":36,"column":75},"end":{"line":44,"column":null}}},"3":{"name":"(anonymous_16)","decl":{"start":{"line":46,"column":10},"end":{"line":46,"column":16}},"loc":{"start":{"line":46,"column":81},"end":{"line":58,"column":null}}},"4":{"name":"(anonymous_18)","decl":{"start":{"line":60,"column":10},"end":{"line":60,"column":16}},"loc":{"start":{"line":60,"column":81},"end":{"line":66,"column":null}}}},"branchMap":{"0":{"loc":{"start":{"line":20,"column":8},"end":{"line":20,"column":null}},"type":"if","locations":[{"start":{"line":20,"column":8},"end":{"line":20,"column":null}}]},"1":{"loc":{"start":{"line":22,"column":8},"end":{"line":22,"column":null}},"type":"if","locations":[{"start":{"line":22,"column":8},"end":{"line":22,"column":null}}]},"2":{"loc":{"start":{"line":38,"column":8},"end":{"line":38,"column":null}},"type":"if","locations":[{"start":{"line":38,"column":8},"end":{"line":38,"column":null}}]},"3":{"loc":{"start":{"line":40,"column":8},"end":{"line":40,"column":null}},"type":"if","locations":[{"start":{"line":40,"column":8},"end":{"line":40,"column":null}}]},"4":{"loc":{"start":{"line":48,"column":8},"end":{"line":48,"column":null}},"type":"if","locations":[{"start":{"line":48,"column":8},"end":{"line":48,"column":null}}]},"5":{"loc":{"start":{"line":50,"column":8},"end":{"line":50,"column":null}},"type":"if","locations":[{"start":{"line":50,"column":8},"end":{"line":50,"column":null}}]},"6":{"loc":{"start":{"line":62,"column":8},"end":{"line":62,"column":null}},"type":"if","locations":[{"start":{"line":62,"column":8},"end":{"line":62,"column":null}}]},"7":{"loc":{"start":{"line":64,"column":8},"end":{"line":64,"column":null}},"type":"if","locations":[{"start":{"line":64,"column":8},"end":{"line":64,"column":null}}]}},"s":{"0":8,"1":8,"2":8,"3":8,"4":8,"5":1,"6":1,"7":1,"8":1,"9":1,"10":0,"11":1,"12":1,"13":1,"14":0,"15":0,"16":0,"17":0,"18":0,"19":0,"20":0,"21":0,"22":0,"23":0,"24":1,"25":1,"26":0,"27":1,"28":1,"29":0,"30":1,"31":1,"32":1,"33":0,"34":1,"35":1,"36":0,"37":1,"38":1,"39":1,"40":1,"41":1,"42":1,"43":1,"44":0,"45":0,"46":0,"47":0,"48":0,"49":0,"50":0,"51":8,"52":8},"f":{"0":1,"1":1,"2":1,"3":1,"4":0},"b":{"0":[0],"1":[1],"2":[0],"3":[0],"4":[0],"5":[0],"6":[0],"7":[0]}}
,"C:\\Users\\paben\\OneDrive\\Documentos\\realstate\\api\\src\\application\\services\\owner.ts": {"path":"C:\\Users\\paben\\OneDrive\\Documentos\\realstate\\api\\src\\application\\services\\owner.ts","statementMap":{"0":{"start":{"line":1,"column":0},"end":{"line":1,"column":47}},"1":{"start":{"line":2,"column":0},"end":{"line":2,"column":25}},"2":{"start":{"line":6,"column":0},"end":{"line":6,"column":52}},"3":{"start":{"line":9,"column":15},"end":{"line":45,"column":null}},"4":{"start":{"line":11,"column":51},"end":{"line":11,"column":80}},"5":{"start":{"line":12,"column":53},"end":{"line":12,"column":86}},"6":{"start":{"line":16,"column":22},"end":{"line":16,"column":66}},"7":{"start":{"line":17,"column":8},"end":{"line":17,"column":null}},"8":{"start":{"line":21,"column":19},"end":{"line":21,"column":48}},"9":{"start":{"line":22,"column":22},"end":{"line":22,"column":33}},"10":{"start":{"line":23,"column":8},"end":{"line":23,"column":null}},"11":{"start":{"line":24,"column":8},"end":{"line":24,"column":null}},"12":{"start":{"line":25,"column":8},"end":{"line":25,"column":null}},"13":{"start":{"line":26,"column":8},"end":{"line":26,"column":null}},"14":{"start":{"line":27,"column":8},"end":{"line":27,"column":null}},"15":{"start":{"line":28,"column":8},"end":{"line":30,"column":null}},"16":{"start":{"line":34,"column":22},"end":{"line":34,"column":33}},"17":{"start":{"line":35,"column":8},"end":{"line":35,"column":null}},"18":{"start":{"line":36,"column":8},"end":{"line":36,"column":null}},"19":{"start":{"line":37,"column":8},"end":{"line":37,"column":null}},"20":{"start":{"line":38,"column":8},"end":{"line":38,"column":null}},"21":{"start":{"line":39,"column":8},"end":{"line":39,"column":null}},"22":{"start":{"line":43,"column":8},"end":{"line":43,"column":null}},"23":{"start":{"line":9,"column":21},"end":{"line":45,"column":null}},"24":{"start":{"line":9,"column":21},"end":{"line":9,"column":null}}},"fnMap":{"0":{"name":"(anonymous_11)","decl":{"start":{"line":10,"column":4},"end":{"line":10,"column":null}},"loc":{"start":{"line":12,"column":86},"end":{"line":13,"column":7}}},"1":{"name":"(anonymous_12)","decl":{"start":{"line":15,"column":10},"end":{"line":15,"column":18}},"loc":{"start":{"line":15,"column":56},"end":{"line":18,"column":null}}},"2":{"name":"(anonymous_14)","decl":{"start":{"line":20,"column":10},"end":{"line":20,"column":21}},"loc":{"start":{"line":20,"column":61},"end":{"line":31,"column":null}}},"3":{"name":"(anonymous_16)","decl":{"start":{"line":33,"column":10},"end":{"line":33,"column":21}},"loc":{"start":{"line":33,"column":61},"end":{"line":40,"column":null}}},"4":{"name":"(anonymous_18)","decl":{"start":{"line":42,"column":10},"end":{"line":42,"column":16}},"loc":{"start":{"line":42,"column":56},"end":{"line":44,"column":null}}}},"branchMap":{},"s":{"0":8,"1":8,"2":8,"3":8,"4":0,"5":0,"6":0,"7":0,"8":0,"9":0,"10":0,"11":0,"12":0,"13":0,"14":0,"15":0,"16":0,"17":0,"18":0,"19":0,"20":0,"21":0,"22":0,"23":8,"24":8},"f":{"0":0,"1":0,"2":0,"3":0,"4":0},"b":{}}
,"C:\\Users\\paben\\OneDrive\\Documentos\\realstate\\api\\src\\application\\services\\property.ts": {"path":"C:\\Users\\paben\\OneDrive\\Documentos\\realstate\\api\\src\\application\\services\\property.ts","statementMap":{"0":{"start":{"line":1,"column":0},"end":{"line":1,"column":25}},"1":{"start":{"line":2,"column":0},"end":{"line":2,"column":46}},"2":{"start":{"line":9,"column":0},"end":{"line":9,"column":65}},"3":{"start":{"line":10,"column":0},"end":{"line":10,"column":57}},"4":{"start":{"line":14,"column":15},"end":{"line":89,"column":null}},"5":{"start":{"line":16,"column":52},"end":{"line":16,"column":85}},"6":{"start":{"line":17,"column":55},"end":{"line":17,"column":94}},"7":{"start":{"line":18,"column":50},"end":{"line":18,"column":79}},"8":{"start":{"line":19,"column":44},"end":{"line":19,"column":61}},"9":{"start":{"line":23,"column":22},"end":{"line":23,"column":72}},"10":{"start":{"line":24,"column":8},"end":{"line":24,"column":null}},"11":{"start":{"line":24,"column":20},"end":{"line":24,"column":null}},"12":{"start":{"line":25,"column":25},"end":{"line":25,"column":39}},"13":{"start":{"line":26,"column":27},"end":{"line":26,"column":56}},"14":{"start":{"line":27,"column":8},"end":{"line":34,"column":null}},"15":{"start":{"line":35,"column":8},"end":{"line":35,"column":null}},"16":{"start":{"line":36,"column":8},"end":{"line":38,"column":null}},"17":{"start":{"line":42,"column":25},"end":{"line":42,"column":73}},"18":{"start":{"line":43,"column":8},"end":{"line":43,"column":null}},"19":{"start":{"line":43,"column":23},"end":{"line":43,"column":null}},"20":{"start":{"line":44,"column":8},"end":{"line":48,"column":null}},"21":{"start":{"line":45,"column":12},"end":{"line":45,"column":null}},"22":{"start":{"line":46,"column":12},"end":{"line":46,"column":null}},"23":{"start":{"line":47,"column":12},"end":{"line":47,"column":null}},"24":{"start":{"line":49,"column":8},"end":{"line":49,"column":null}},"25":{"start":{"line":53,"column":25},"end":{"line":53,"column":81}},"26":{"start":{"line":54,"column":8},"end":{"line":54,"column":null}},"27":{"start":{"line":54,"column":23},"end":{"line":54,"column":null}},"28":{"start":{"line":55,"column":8},"end":{"line":59,"column":null}},"29":{"start":{"line":56,"column":12},"end":{"line":56,"column":null}},"30":{"start":{"line":57,"column":26},"end":{"line":57,"column":104}},"31":{"start":{"line":57,"column":70},"end":{"line":57,"column":103}},"32":{"start":{"line":58,"column":12},"end":{"line":58,"column":null}},"33":{"start":{"line":60,"column":8},"end":{"line":60,"column":null}},"34":{"start":{"line":64,"column":25},"end":{"line":64,"column":81}},"35":{"start":{"line":65,"column":8},"end":{"line":65,"column":null}},"36":{"start":{"line":65,"column":23},"end":{"line":65,"column":null}},"37":{"start":{"line":66,"column":8},"end":{"line":67,"column":null}},"38":{"start":{"line":72,"column":25},"end":{"line":72,"column":81}},"39":{"start":{"line":73,"column":8},"end":{"line":73,"column":null}},"40":{"start":{"line":73,"column":23},"end":{"line":73,"column":null}},"41":{"start":{"line":74,"column":8},"end":{"line":74,"column":null}},"42":{"start":{"line":75,"column":8},"end":{"line":75,"column":null}},"43":{"start":{"line":76,"column":8},"end":{"line":76,"column":null}},"44":{"start":{"line":77,"column":8},"end":{"line":77,"column":null}},"45":{"start":{"line":78,"column":8},"end":{"line":78,"column":null}},"46":{"start":{"line":82,"column":25},"end":{"line":82,"column":81}},"47":{"start":{"line":83,"column":8},"end":{"line":83,"column":null}},"48":{"start":{"line":83,"column":23},"end":{"line":83,"column":null}},"49":{"start":{"line":84,"column":8},"end":{"line":86,"column":null}},"50":{"start":{"line":85,"column":12},"end":{"line":85,"column":null}},"51":{"start":{"line":87,"column":8},"end":{"line":87,"column":null}},"52":{"start":{"line":14,"column":21},"end":{"line":89,"column":null}},"53":{"start":{"line":14,"column":21},"end":{"line":14,"column":null}}},"fnMap":{"0":{"name":"(anonymous_11)","decl":{"start":{"line":15,"column":4},"end":{"line":15,"column":null}},"loc":{"start":{"line":19,"column":61},"end":{"line":20,"column":7}}},"1":{"name":"(anonymous_12)","decl":{"start":{"line":22,"column":10},"end":{"line":22,"column":16}},"loc":{"start":{"line":22,"column":62},"end":{"line":39,"column":null}}},"2":{"name":"(anonymous_14)","decl":{"start":{"line":41,"column":10},"end":{"line":41,"column":23}},"loc":{"start":{"line":41,"column":76},"end":{"line":50,"column":null}}},"3":{"name":"(anonymous_16)","decl":{"start":{"line":52,"column":10},"end":{"line":52,"column":21}},"loc":{"start":{"line":52,"column":72},"end":{"line":61,"column":null}}},"4":{"name":"(anonymous_18)","decl":{"start":{"line":57,"column":51},"end":{"line":57,"column":66}},"loc":{"start":{"line":57,"column":70},"end":{"line":57,"column":103}}},"5":{"name":"(anonymous_19)","decl":{"start":{"line":63,"column":10},"end":{"line":63,"column":13}},"loc":{"start":{"line":63,"column":56},"end":{"line":69,"column":null}}},"6":{"name":"(anonymous_21)","decl":{"start":{"line":71,"column":10},"end":{"line":71,"column":16}},"loc":{"start":{"line":71,"column":62},"end":{"line":79,"column":null}}},"7":{"name":"(anonymous_23)","decl":{"start":{"line":81,"column":10},"end":{"line":81,"column":16}},"loc":{"start":{"line":81,"column":62},"end":{"line":88,"column":null}}}},"branchMap":{"0":{"loc":{"start":{"line":24,"column":8},"end":{"line":24,"column":null}},"type":"if","locations":[{"start":{"line":24,"column":8},"end":{"line":24,"column":null}}]},"1":{"loc":{"start":{"line":43,"column":8},"end":{"line":43,"column":null}},"type":"if","locations":[{"start":{"line":43,"column":8},"end":{"line":43,"column":null}}]},"2":{"loc":{"start":{"line":54,"column":8},"end":{"line":54,"column":null}},"type":"if","locations":[{"start":{"line":54,"column":8},"end":{"line":54,"column":null}}]},"3":{"loc":{"start":{"line":65,"column":8},"end":{"line":65,"column":null}},"type":"if","locations":[{"start":{"line":65,"column":8},"end":{"line":65,"column":null}}]},"4":{"loc":{"start":{"line":73,"column":8},"end":{"line":73,"column":null}},"type":"if","locations":[{"start":{"line":73,"column":8},"end":{"line":73,"column":null}}]},"5":{"loc":{"start":{"line":83,"column":8},"end":{"line":83,"column":null}},"type":"if","locations":[{"start":{"line":83,"column":8},"end":{"line":83,"column":null}}]}},"s":{"0":8,"1":8,"2":8,"3":8,"4":8,"5":0,"6":0,"7":0,"8":0,"9":0,"10":0,"11":0,"12":0,"13":0,"14":0,"15":0,"16":0,"17":0,"18":0,"19":0,"20":0,"21":0,"22":0,"23":0,"24":0,"25":0,"26":0,"27":0,"28":0,"29":0,"30":0,"31":0,"32":0,"33":0,"34":0,"35":0,"36":0,"37":0,"38":0,"39":0,"40":0,"41":0,"42":0,"43":0,"44":0,"45":0,"46":0,"47":0,"48":0,"49":0,"50":0,"51":0,"52":8,"53":8},"f":{"0":0,"1":0,"2":0,"3":0,"4":0,"5":0,"6":0,"7":0},"b":{"0":[0],"1":[0],"2":[0],"3":[0],"4":[0],"5":[0]}}
,"C:\\Users\\paben\\OneDrive\\Documentos\\realstate\\api\\src\\application\\services\\propertyFeatures.ts": {"path":"C:\\Users\\paben\\OneDrive\\Documentos\\realstate\\api\\src\\application\\services\\propertyFeatures.ts","statementMap":{"0":{"start":{"line":1,"column":0},"end":{"line":1,"column":44}},"1":{"start":{"line":2,"column":0},"end":{"line":2,"column":25}},"2":{"start":{"line":7,"column":0},"end":{"line":7,"column":65}},"3":{"start":{"line":8,"column":0},"end":{"line":8,"column":73}},"4":{"start":{"line":11,"column":15},"end":{"line":51,"column":null}},"5":{"start":{"line":13,"column":64},"end":{"line":13,"column":119}},"6":{"start":{"line":14,"column":56},"end":{"line":14,"column":95}},"7":{"start":{"line":15,"column":51},"end":{"line":15,"column":80}},"8":{"start":{"line":19,"column":24},"end":{"line":19,"column":89}},"9":{"start":{"line":20,"column":8},"end":{"line":24,"column":null}},"10":{"start":{"line":28,"column":24},"end":{"line":28,"column":79}},"11":{"start":{"line":29,"column":8},"end":{"line":29,"column":null}},"12":{"start":{"line":29,"column":22},"end":{"line":29,"column":null}},"13":{"start":{"line":30,"column":32},"end":{"line":30,"column":54}},"14":{"start":{"line":31,"column":8},"end":{"line":31,"column":null}},"15":{"start":{"line":32,"column":8},"end":{"line":32,"column":null}},"16":{"start":{"line":33,"column":8},"end":{"line":33,"column":null}},"17":{"start":{"line":35,"column":8},"end":{"line":35,"column":null}},"18":{"start":{"line":39,"column":33},"end":{"line":39,"column":103}},"19":{"start":{"line":40,"column":8},"end":{"line":40,"column":null}},"20":{"start":{"line":40,"column":38},"end":{"line":40,"column":null}},"21":{"start":{"line":41,"column":23},"end":{"line":41,"column":25}},"22":{"start":{"line":42,"column":8},"end":{"line":44,"column":null}},"23":{"start":{"line":43,"column":12},"end":{"line":43,"column":null}},"24":{"start":{"line":45,"column":8},"end":{"line":45,"column":null}},"25":{"start":{"line":49,"column":8},"end":{"line":49,"column":null}},"26":{"start":{"line":11,"column":21},"end":{"line":51,"column":null}},"27":{"start":{"line":11,"column":21},"end":{"line":11,"column":null}}},"fnMap":{"0":{"name":"(anonymous_11)","decl":{"start":{"line":12,"column":4},"end":{"line":12,"column":null}},"loc":{"start":{"line":15,"column":80},"end":{"line":16,"column":7}}},"1":{"name":"(anonymous_12)","decl":{"start":{"line":18,"column":18},"end":{"line":18,"column":25}},"loc":{"start":{"line":18,"column":59},"end":{"line":25,"column":null}}},"2":{"name":"(anonymous_14)","decl":{"start":{"line":27,"column":10},"end":{"line":27,"column":14}},"loc":{"start":{"line":27,"column":73},"end":{"line":36,"column":null}}},"3":{"name":"(anonymous_16)","decl":{"start":{"line":38,"column":10},"end":{"line":38,"column":16}},"loc":{"start":{"line":38,"column":78},"end":{"line":46,"column":null}}},"4":{"name":"(anonymous_18)","decl":{"start":{"line":48,"column":10},"end":{"line":48,"column":16}},"loc":{"start":{"line":48,"column":77},"end":{"line":50,"column":null}}}},"branchMap":{"0":{"loc":{"start":{"line":29,"column":8},"end":{"line":29,"column":null}},"type":"if","locations":[{"start":{"line":29,"column":8},"end":{"line":29,"column":null}}]},"1":{"loc":{"start":{"line":40,"column":8},"end":{"line":40,"column":null}},"type":"if","locations":[{"start":{"line":40,"column":8},"end":{"line":40,"column":null}}]}},"s":{"0":8,"1":8,"2":8,"3":8,"4":8,"5":1,"6":1,"7":1,"8":3,"9":3,"10":1,"11":1,"12":0,"13":1,"14":1,"15":1,"16":1,"17":1,"18":1,"19":1,"20":0,"21":1,"22":1,"23":3,"24":1,"25":0,"26":8,"27":8},"f":{"0":1,"1":3,"2":1,"3":1,"4":0},"b":{"0":[0],"1":[0]}}
,"C:\\Users\\paben\\OneDrive\\Documentos\\realstate\\api\\src\\application\\usecases\\propertyPresentation.ts": {"path":"C:\\Users\\paben\\OneDrive\\Documentos\\realstate\\api\\src\\application\\usecases\\propertyPresentation.ts","statementMap":{"0":{"start":{"line":1,"column":0},"end":{"line":1,"column":44}},"1":{"start":{"line":2,"column":0},"end":{"line":2,"column":25}},"2":{"start":{"line":10,"column":0},"end":{"line":10,"column":65}},"3":{"start":{"line":14,"column":15},"end":{"line":76,"column":null}},"4":{"start":{"line":16,"column":53},"end":{"line":16,"column":86}},"5":{"start":{"line":17,"column":61},"end":{"line":17,"column":110}},"6":{"start":{"line":18,"column":66},"end":{"line":18,"column":126}},"7":{"start":{"line":19,"column":52},"end":{"line":19,"column":84}},"8":{"start":{"line":20,"column":61},"end":{"line":20,"column":111}},"9":{"start":{"line":21,"column":52},"end":{"line":21,"column":83}},"10":{"start":{"line":22,"column":56},"end":{"line":22,"column":95}},"11":{"start":{"line":26,"column":88},"end":{"line":26,"column":90}},"12":{"start":{"line":27,"column":8},"end":{"line":38,"column":null}},"13":{"start":{"line":28,"column":29},"end":{"line":28,"column":73}},"14":{"start":{"line":29,"column":36},"end":{"line":29,"column":79}},"15":{"start":{"line":30,"column":45},"end":{"line":30,"column":97}},"16":{"start":{"line":31,"column":12},"end":{"line":37,"column":null}},"17":{"start":{"line":39,"column":8},"end":{"line":39,"column":null}},"18":{"start":{"line":43,"column":88},"end":{"line":43,"column":90}},"19":{"start":{"line":44,"column":27},"end":{"line":44,"column":66}},"20":{"start":{"line":45,"column":8},"end":{"line":55,"column":null}},"21":{"start":{"line":46,"column":36},"end":{"line":46,"column":92}},"22":{"start":{"line":47,"column":45},"end":{"line":47,"column":110}},"23":{"start":{"line":48,"column":12},"end":{"line":54,"column":null}},"24":{"start":{"line":56,"column":8},"end":{"line":56,"column":null}},"25":{"start":{"line":60,"column":25},"end":{"line":60,"column":67}},"26":{"start":{"line":61,"column":38},"end":{"line":61,"column":93}},"27":{"start":{"line":62,"column":33},"end":{"line":62,"column":83}},"28":{"start":{"line":63,"column":24},"end":{"line":63,"column":65}},"29":{"start":{"line":64,"column":25},"end":{"line":64,"column":78}},"30":{"start":{"line":65,"column":21},"end":{"line":65,"column":72}},"31":{"start":{"line":66,"column":8},"end":{"line":66,"column":null}},"32":{"start":{"line":66,"column":19},"end":{"line":66,"column":null}},"33":{"start":{"line":67,"column":8},"end":{"line":74,"column":null}},"34":{"start":{"line":14,"column":21},"end":{"line":76,"column":null}},"35":{"start":{"line":14,"column":21},"end":{"line":14,"column":null}}},"fnMap":{"0":{"name":"(anonymous_11)","decl":{"start":{"line":15,"column":4},"end":{"line":15,"column":null}},"loc":{"start":{"line":22,"column":95},"end":{"line":23,"column":7}}},"1":{"name":"(anonymous_12)","decl":{"start":{"line":25,"column":10},"end":{"line":25,"column":43}},"loc":{"start":{"line":25,"column":120},"end":{"line":40,"column":null}}},"2":{"name":"(anonymous_14)","decl":{"start":{"line":42,"column":10},"end":{"line":42,"column":38}},"loc":{"start":{"line":42,"column":38},"end":{"line":57,"column":null}}},"3":{"name":"(anonymous_16)","decl":{"start":{"line":59,"column":10},"end":{"line":59,"column":29}},"loc":{"start":{"line":59,"column":92},"end":{"line":75,"column":null}}}},"branchMap":{"0":{"loc":{"start":{"line":66,"column":8},"end":{"line":66,"column":null}},"type":"if","locations":[{"start":{"line":66,"column":8},"end":{"line":66,"column":null}}]}},"s":{"0":8,"1":8,"2":8,"3":8,"4":0,"5":0,"6":0,"7":0,"8":0,"9":0,"10":0,"11":0,"12":0,"13":0,"14":0,"15":0,"16":0,"17":0,"18":0,"19":0,"20":0,"21":0,"22":0,"23":0,"24":0,"25":0,"26":0,"27":0,"28":0,"29":0,"30":0,"31":0,"32":0,"33":0,"34":8,"35":8},"f":{"0":0,"1":0,"2":0,"3":0},"b":{"0":[0]}}
,"C:\\Users\\paben\\OneDrive\\Documentos\\realstate\\api\\src\\application\\utils\\convertDateToString.ts": {"path":"C:\\Users\\paben\\OneDrive\\Documentos\\realstate\\api\\src\\application\\utils\\convertDateToString.ts","statementMap":{"0":{"start":{"line":2,"column":16},"end":{"line":2,"column":40}},"1":{"start":{"line":3,"column":18},"end":{"line":3,"column":62}},"2":{"start":{"line":4,"column":17},"end":{"line":4,"column":35}},"3":{"start":{"line":6,"column":4},"end":{"line":6,"column":37}},"4":{"start":{"line":1,"column":0},"end":{"line":1,"column":24}}},"fnMap":{"0":{"name":"convertDateToString","decl":{"start":{"line":1,"column":24},"end":{"line":1,"column":43}},"loc":{"start":{"line":1,"column":54},"end":{"line":7,"column":1}}}},"branchMap":{},"s":{"0":1,"1":1,"2":1,"3":1,"4":1},"f":{"0":1},"b":{}}
,"C:\\Users\\paben\\OneDrive\\Documentos\\realstate\\api\\src\\application\\utils\\findFilesInDirectory.ts": {"path":"C:\\Users\\paben\\OneDrive\\Documentos\\realstate\\api\\src\\application\\utils\\findFilesInDirectory.ts","statementMap":{"0":{"start":{"line":1,"column":0},"end":{"line":1,"column":23}},"1":{"start":{"line":2,"column":0},"end":{"line":2,"column":19}},"2":{"start":{"line":6,"column":23},"end":{"line":6,"column":70}},"3":{"start":{"line":7,"column":30},"end":{"line":7,"column":32}},"4":{"start":{"line":9,"column":4},"end":{"line":14,"column":null}},"5":{"start":{"line":10,"column":22},"end":{"line":10,"column":59}},"6":{"start":{"line":11,"column":8},"end":{"line":11,"column":92}},"7":{"start":{"line":11,"column":41},"end":{"line":11,"column":90}},"8":{"start":{"line":13,"column":8},"end":{"line":13,"column":61}},"9":{"start":{"line":16,"column":4},"end":{"line":16,"column":21}},"10":{"start":{"line":5,"column":0},"end":{"line":5,"column":30}}},"fnMap":{"0":{"name":"findFilesInDirectory","decl":{"start":{"line":5,"column":30},"end":{"line":5,"column":50}},"loc":{"start":{"line":5,"column":66},"end":{"line":17,"column":null}}},"1":{"name":"(anonymous_10)","decl":{"start":{"line":11,"column":33},"end":{"line":11,"column":37}},"loc":{"start":{"line":11,"column":41},"end":{"line":11,"column":90}}}},"branchMap":{},"s":{"0":1,"1":1,"2":1,"3":1,"4":1,"5":1,"6":1,"7":0,"8":0,"9":1,"10":1},"f":{"0":1,"1":0},"b":{}}
,"C:\\Users\\paben\\OneDrive\\Documentos\\realstate\\api\\src\\application\\validation\\leaves\\validateEmail.ts": {"path":"C:\\Users\\paben\\OneDrive\\Documentos\\realstate\\api\\src\\application\\validation\\leaves\\validateEmail.ts","statementMap":{"0":{"start":{"line":1,"column":0},"end":{"line":1,"column":69}},"1":{"start":{"line":4,"column":19},"end":{"line":4,"column":69}},"2":{"start":{"line":5,"column":4},"end":{"line":5,"column":null}},"3":{"start":{"line":5,"column":29},"end":{"line":5,"column":null}},"4":{"start":{"line":3,"column":0},"end":{"line":3,"column":24}}},"fnMap":{"0":{"name":"validateEmail","decl":{"start":{"line":3,"column":24},"end":{"line":3,"column":37}},"loc":{"start":{"line":3,"column":51},"end":{"line":6,"column":1}}}},"branchMap":{"0":{"loc":{"start":{"line":5,"column":4},"end":{"line":5,"column":null}},"type":"if","locations":[{"start":{"line":5,"column":4},"end":{"line":5,"column":null}}]}},"s":{"0":9,"1":2,"2":2,"3":1,"4":9},"f":{"0":2},"b":{"0":[1]}}
,"C:\\Users\\paben\\OneDrive\\Documentos\\realstate\\api\\src\\domain\\entities\\address.ts": {"path":"C:\\Users\\paben\\OneDrive\\Documentos\\realstate\\api\\src\\domain\\entities\\address.ts","statementMap":{"0":{"start":{"line":1,"column":0},"end":{"line":1,"column":13}}},"fnMap":{},"branchMap":{},"s":{"0":8},"f":{},"b":{}}
,"C:\\Users\\paben\\OneDrive\\Documentos\\realstate\\api\\src\\domain\\entities\\features.ts": {"path":"C:\\Users\\paben\\OneDrive\\Documentos\\realstate\\api\\src\\domain\\entities\\features.ts","statementMap":{"0":{"start":{"line":1,"column":0},"end":{"line":1,"column":null}},"1":{"start":{"line":2,"column":4},"end":{"line":2,"column":null}},"2":{"start":{"line":3,"column":4},"end":{"line":3,"column":null}},"3":{"start":{"line":6,"column":0},"end":{"line":6,"column":13}}},"fnMap":{"0":{"name":"(anonymous_0)","decl":{"start":{"line":1,"column":0},"end":{"line":1,"column":12}},"loc":{"start":{"line":1,"column":23},"end":{"line":4,"column":1}}}},"branchMap":{"0":{"loc":{"start":{"line":1,"column":12},"end":{"line":1,"column":null}},"type":"binary-expr","locations":[{"start":{"line":1,"column":12},"end":{"line":1,"column":23}},{"start":{"line":1,"column":23},"end":{"line":1,"column":null}}]}},"s":{"0":8,"1":8,"2":8,"3":8},"f":{"0":8},"b":{"0":[8,8]}}
,"C:\\Users\\paben\\OneDrive\\Documentos\\realstate\\api\\src\\domain\\entities\\financialDetails.ts": {"path":"C:\\Users\\paben\\OneDrive\\Documentos\\realstate\\api\\src\\domain\\entities\\financialDetails.ts","statementMap":{"0":{"start":{"line":1,"column":0},"end":{"line":1,"column":null}},"1":{"start":{"line":2,"column":4},"end":{"line":2,"column":null}},"2":{"start":{"line":3,"column":4},"end":{"line":3,"column":null}},"3":{"start":{"line":4,"column":4},"end":{"line":4,"column":null}},"4":{"start":{"line":7,"column":0},"end":{"line":7,"column":13}}},"fnMap":{"0":{"name":"(anonymous_0)","decl":{"start":{"line":1,"column":0},"end":{"line":1,"column":12}},"loc":{"start":{"line":1,"column":27},"end":{"line":5,"column":1}}}},"branchMap":{"0":{"loc":{"start":{"line":1,"column":12},"end":{"line":1,"column":null}},"type":"binary-expr","locations":[{"start":{"line":1,"column":12},"end":{"line":1,"column":27}},{"start":{"line":1,"column":27},"end":{"line":1,"column":null}}]}},"s":{"0":8,"1":8,"2":8,"3":8,"4":8},"f":{"0":8},"b":{"0":[8,8]}}
,"C:\\Users\\paben\\OneDrive\\Documentos\\realstate\\api\\src\\domain\\entities\\infrastructureDetails.ts": {"path":"C:\\Users\\paben\\OneDrive\\Documentos\\realstate\\api\\src\\domain\\entities\\infrastructureDetails.ts","statementMap":{"0":{"start":{"line":1,"column":0},"end":{"line":1,"column":13}}},"fnMap":{},"branchMap":{},"s":{"0":8},"f":{},"b":{}}
,"C:\\Users\\paben\\OneDrive\\Documentos\\realstate\\api\\src\\domain\\entities\\owner.ts": {"path":"C:\\Users\\paben\\OneDrive\\Documentos\\realstate\\api\\src\\domain\\entities\\owner.ts","statementMap":{"0":{"start":{"line":1,"column":0},"end":{"line":1,"column":13}}},"fnMap":{},"branchMap":{},"s":{"0":8},"f":{},"b":{}}
,"C:\\Users\\paben\\OneDrive\\Documentos\\realstate\\api\\src\\domain\\entities\\property.ts": {"path":"C:\\Users\\paben\\OneDrive\\Documentos\\realstate\\api\\src\\domain\\entities\\property.ts","statementMap":{"0":{"start":{"line":3,"column":0},"end":{"line":3,"column":13}}},"fnMap":{},"branchMap":{},"s":{"0":8},"f":{},"b":{}}
,"C:\\Users\\paben\\OneDrive\\Documentos\\realstate\\api\\src\\domain\\entities\\propertyFeatures.ts": {"path":"C:\\Users\\paben\\OneDrive\\Documentos\\realstate\\api\\src\\domain\\entities\\propertyFeatures.ts","statementMap":{"0":{"start":{"line":1,"column":0},"end":{"line":1,"column":13}}},"fnMap":{},"branchMap":{},"s":{"0":8},"f":{},"b":{}}
,"C:\\Users\\paben\\OneDrive\\Documentos\\realstate\\api\\src\\domain\\entities\\ticket.ts": {"path":"C:\\Users\\paben\\OneDrive\\Documentos\\realstate\\api\\src\\domain\\entities\\ticket.ts","statementMap":{"0":{"start":{"line":1,"column":0},"end":{"line":1,"column":null}},"1":{"start":{"line":2,"column":4},"end":{"line":2,"column":null}},"2":{"start":{"line":3,"column":4},"end":{"line":3,"column":null}},"3":{"start":{"line":6,"column":0},"end":{"line":6,"column":21}}},"fnMap":{"0":{"name":"(anonymous_0)","decl":{"start":{"line":1,"column":0},"end":{"line":1,"column":12}},"loc":{"start":{"line":1,"column":29},"end":{"line":4,"column":1}}}},"branchMap":{"0":{"loc":{"start":{"line":1,"column":12},"end":{"line":1,"column":null}},"type":"binary-expr","locations":[{"start":{"line":1,"column":12},"end":{"line":1,"column":29}},{"start":{"line":1,"column":29},"end":{"line":1,"column":null}}]}},"s":{"0":8,"1":8,"2":8,"3":8},"f":{"0":8},"b":{"0":[8,8]}}
,"C:\\Users\\paben\\OneDrive\\Documentos\\realstate\\api\\src\\domain\\entities\\user.ts": {"path":"C:\\Users\\paben\\OneDrive\\Documentos\\realstate\\api\\src\\domain\\entities\\user.ts","statementMap":{"0":{"start":{"line":1,"column":0},"end":{"line":1,"column":13}}},"fnMap":{},"branchMap":{},"s":{"0":8},"f":{},"b":{}}
,"C:\\Users\\paben\\OneDrive\\Documentos\\realstate\\api\\src\\domain\\error\\application.ts": {"path":"C:\\Users\\paben\\OneDrive\\Documentos\\realstate\\api\\src\\domain\\error\\application.ts","statementMap":{"0":{"start":{"line":7,"column":8},"end":{"line":7,"column":null}},"1":{"start":{"line":8,"column":8},"end":{"line":8,"column":null}},"2":{"start":{"line":1,"column":0},"end":{"line":1,"column":13}}},"fnMap":{"0":{"name":"(anonymous_0)","decl":{"start":{"line":3,"column":4},"end":{"line":3,"column":null}},"loc":{"start":{"line":5,"column":20},"end":{"line":9,"column":5}}}},"branchMap":{},"s":{"0":5,"1":5,"2":9},"f":{"0":5},"b":{}}
,"C:\\Users\\paben\\OneDrive\\Documentos\\realstate\\api\\src\\infra\\cryptograph\\hasher.ts": {"path":"C:\\Users\\paben\\OneDrive\\Documentos\\realstate\\api\\src\\infra\\cryptograph\\hasher.ts","statementMap":{"0":{"start":{"line":1,"column":0},"end":{"line":1,"column":29}},"1":{"start":{"line":2,"column":0},"end":{"line":2,"column":38}},"2":{"start":{"line":4,"column":0},"end":{"line":4,"column":25}},"3":{"start":{"line":7,"column":19},"end":{"line":17,"column":null}},"4":{"start":{"line":8,"column":19},"end":{"line":8,"column":null}},"5":{"start":{"line":11,"column":4},"end":{"line":11,"column":null}},"6":{"start":{"line":15,"column":4},"end":{"line":15,"column":null}},"7":{"start":{"line":7,"column":13},"end":{"line":17,"column":null}}},"fnMap":{"0":{"name":"(anonymous_2)","decl":{"start":{"line":7,"column":7},"end":{"line":7,"column":13}},"loc":{"start":{"line":7,"column":7},"end":{"line":17,"column":1}}},"1":{"name":"(anonymous_3)","decl":{"start":{"line":10,"column":2},"end":{"line":10,"column":9}},"loc":{"start":{"line":10,"column":24},"end":{"line":12,"column":3}}},"2":{"name":"(anonymous_4)","decl":{"start":{"line":14,"column":2},"end":{"line":14,"column":9}},"loc":{"start":{"line":14,"column":43},"end":{"line":16,"column":3}}}},"branchMap":{},"s":{"0":9,"1":9,"2":9,"3":9,"4":3,"5":4,"6":2,"7":9},"f":{"0":3,"1":4,"2":2},"b":{}}
,"C:\\Users\\paben\\OneDrive\\Documentos\\realstate\\api\\src\\infra\\db\\postgre.ts": {"path":"C:\\Users\\paben\\OneDrive\\Documentos\\realstate\\api\\src\\infra\\db\\postgre.ts","statementMap":{"0":{"start":{"line":1,"column":0},"end":{"line":1,"column":39}},"1":{"start":{"line":2,"column":0},"end":{"line":2,"column":25}},"2":{"start":{"line":4,"column":0},"end":{"line":4,"column":29}},"3":{"start":{"line":5,"column":0},"end":{"line":5,"column":27}},"4":{"start":{"line":7,"column":0},"end":{"line":7,"column":null}},"5":{"start":{"line":9,"column":19},"end":{"line":9,"column":42}},"6":{"start":{"line":10,"column":15},"end":{"line":10,"column":34}},"7":{"start":{"line":12,"column":28},"end":{"line":12,"column":95}},"8":{"start":{"line":15,"column":15},"end":{"line":30,"column":null}},"9":{"start":{"line":19,"column":4},"end":{"line":19,"column":null}},"10":{"start":{"line":24,"column":4},"end":{"line":24,"column":52}},"11":{"start":{"line":28,"column":4},"end":{"line":28,"column":38}},"12":{"start":{"line":15,"column":21},"end":{"line":30,"column":null}},"13":{"start":{"line":15,"column":21},"end":{"line":15,"column":null}}},"fnMap":{"0":{"name":"(anonymous_10)","decl":{"start":{"line":18,"column":2},"end":{"line":18,"column":null}},"loc":{"start":{"line":18,"column":2},"end":{"line":20,"column":3}}},"1":{"name":"(anonymous_11)","decl":{"start":{"line":23,"column":2},"end":{"line":23,"column":7}},"loc":{"start":{"line":23,"column":40},"end":{"line":25,"column":3}}},"2":{"name":"(anonymous_12)","decl":{"start":{"line":27,"column":8},"end":{"line":27,"column":13}},"loc":{"start":{"line":27,"column":13},"end":{"line":29,"column":null}}}},"branchMap":{},"s":{"0":8,"1":8,"2":8,"3":8,"4":8,"5":8,"6":8,"7":8,"8":8,"9":16,"10":35,"11":5,"12":8,"13":8},"f":{"0":16,"1":35,"2":5},"b":{}}
,"C:\\Users\\paben\\OneDrive\\Documentos\\realstate\\api\\src\\infra\\http\\express.ts": {"path":"C:\\Users\\paben\\OneDrive\\Documentos\\realstate\\api\\src\\infra\\http\\express.ts","statementMap":{"0":{"start":{"line":1,"column":0},"end":{"line":1,"column":53}},"1":{"start":{"line":2,"column":0},"end":{"line":2,"column":24}},"2":{"start":{"line":4,"column":0},"end":{"line":4,"column":39}},"3":{"start":{"line":5,"column":0},"end":{"line":5,"column":25}},"4":{"start":{"line":8,"column":15},"end":{"line":48,"column":null}},"5":{"start":{"line":12,"column":4},"end":{"line":12,"column":25}},"6":{"start":{"line":13,"column":4},"end":{"line":13,"column":33}},"7":{"start":{"line":14,"column":4},"end":{"line":14,"column":25}},"8":{"start":{"line":18,"column":4},"end":{"line":28,"column":null}},"9":{"start":{"line":18,"column":64},"end":{"line":28,"column":6}},"10":{"start":{"line":19,"column":6},"end":{"line":27,"column":null}},"11":{"start":{"line":20,"column":23},"end":{"line":20,"column":83}},"12":{"start":{"line":21,"column":8},"end":{"line":21,"column":54}},"13":{"start":{"line":24,"column":8},"end":{"line":26,"column":null}},"14":{"start":{"line":32,"column":4},"end":{"line":42,"column":null}},"15":{"start":{"line":32,"column":76},"end":{"line":42,"column":6}},"16":{"start":{"line":33,"column":6},"end":{"line":41,"column":null}},"17":{"start":{"line":34,"column":23},"end":{"line":34,"column":83}},"18":{"start":{"line":35,"column":8},"end":{"line":35,"column":54}},"19":{"start":{"line":38,"column":8},"end":{"line":40,"column":null}},"20":{"start":{"line":46,"column":4},"end":{"line":46,"column":38}},"21":{"start":{"line":8,"column":21},"end":{"line":48,"column":null}},"22":{"start":{"line":8,"column":21},"end":{"line":8,"column":null}}},"fnMap":{"0":{"name":"(anonymous_10)","decl":{"start":{"line":11,"column":2},"end":{"line":11,"column":null}},"loc":{"start":{"line":11,"column":2},"end":{"line":15,"column":3}}},"1":{"name":"(anonymous_11)","decl":{"start":{"line":17,"column":2},"end":{"line":17,"column":4}},"loc":{"start":{"line":17,"column":52},"end":{"line":29,"column":3}}},"2":{"name":"(anonymous_12)","decl":{"start":{"line":18,"column":26},"end":{"line":18,"column":33}},"loc":{"start":{"line":18,"column":64},"end":{"line":28,"column":6}}},"3":{"name":"(anonymous_13)","decl":{"start":{"line":18,"column":64},"end":{"line":18,"column":null}},"loc":{"start":{"line":18,"column":64},"end":{"line":28,"column":5}}},"4":{"name":"(anonymous_14)","decl":{"start":{"line":31,"column":2},"end":{"line":31,"column":12}},"loc":{"start":{"line":31,"column":82},"end":{"line":43,"column":3}}},"5":{"name":"(anonymous_15)","decl":{"start":{"line":32,"column":38},"end":{"line":32,"column":45}},"loc":{"start":{"line":32,"column":76},"end":{"line":42,"column":6}}},"6":{"name":"(anonymous_16)","decl":{"start":{"line":32,"column":76},"end":{"line":32,"column":null}},"loc":{"start":{"line":32,"column":76},"end":{"line":42,"column":5}}},"7":{"name":"(anonymous_17)","decl":{"start":{"line":45,"column":2},"end":{"line":45,"column":8}},"loc":{"start":{"line":45,"column":43},"end":{"line":47,"column":3}}}},"branchMap":{},"s":{"0":8,"1":8,"2":8,"3":8,"4":8,"5":0,"6":0,"7":0,"8":0,"9":0,"10":0,"11":0,"12":0,"13":0,"14":0,"15":0,"16":0,"17":0,"18":0,"19":0,"20":0,"21":8,"22":8},"f":{"0":0,"1":0,"2":0,"3":0,"4":0,"5":0,"6":0,"7":0},"b":{}}
,"C:\\Users\\paben\\OneDrive\\Documentos\\realstate\\api\\src\\infra\\mailer\\nodemailer.ts": {"path":"C:\\Users\\paben\\OneDrive\\Documentos\\realstate\\api\\src\\infra\\mailer\\nodemailer.ts","statementMap":{"0":{"start":{"line":2,"column":0},"end":{"line":2,"column":41}},"1":{"start":{"line":3,"column":0},"end":{"line":3,"column":28}},"2":{"start":{"line":4,"column":0},"end":{"line":4,"column":20}},"3":{"start":{"line":5,"column":0},"end":{"line":5,"column":25}},"4":{"start":{"line":6,"column":0},"end":{"line":6,"column":39}},"5":{"start":{"line":8,"column":0},"end":{"line":8,"column":16}},"6":{"start":{"line":11,"column":15},"end":{"line":43,"column":null}},"7":{"start":{"line":15,"column":4},"end":{"line":23,"column":14}},"8":{"start":{"line":27,"column":15},"end":{"line":29,"column":null}},"9":{"start":{"line":32,"column":4},"end":{"line":34,"column":null}},"10":{"start":{"line":33,"column":6},"end":{"line":33,"column":57}},"11":{"start":{"line":36,"column":4},"end":{"line":41,"column":7}},"12":{"start":{"line":11,"column":21},"end":{"line":43,"column":null}},"13":{"start":{"line":11,"column":21},"end":{"line":11,"column":null}}},"fnMap":{"0":{"name":"(anonymous_16)","decl":{"start":{"line":14,"column":2},"end":{"line":14,"column":null}},"loc":{"start":{"line":14,"column":2},"end":{"line":24,"column":3}}},"1":{"name":"(anonymous_17)","decl":{"start":{"line":26,"column":8},"end":{"line":26,"column":12}},"loc":{"start":{"line":26,"column":34},"end":{"line":42,"column":null}}}},"branchMap":{},"s":{"0":8,"1":8,"2":8,"3":8,"4":8,"5":8,"6":8,"7":1,"8":1,"9":1,"10":2,"11":1,"12":8,"13":8},"f":{"0":1,"1":1},"b":{}}
,"C:\\Users\\paben\\OneDrive\\Documentos\\realstate\\api\\src\\infra\\mediaHandler\\multer.ts": {"path":"C:\\Users\\paben\\OneDrive\\Documentos\\realstate\\api\\src\\infra\\mediaHandler\\multer.ts","statementMap":{"0":{"start":{"line":1,"column":0},"end":{"line":1,"column":25}},"1":{"start":{"line":2,"column":0},"end":{"line":2,"column":38}},"2":{"start":{"line":3,"column":0},"end":{"line":3,"column":27}},"3":{"start":{"line":4,"column":0},"end":{"line":4,"column":23}},"4":{"start":{"line":9,"column":18},"end":{"line":9,"column":67}},"5":{"start":{"line":11,"column":13},"end":{"line":22,"column":null}},"6":{"start":{"line":16,"column":29},"end":{"line":16,"column":42}},"7":{"start":{"line":17,"column":29},"end":{"line":17,"column":63}},"8":{"start":{"line":19,"column":12},"end":{"line":19,"column":null}},"9":{"start":{"line":25,"column":15},"end":{"line":34,"column":null}},"10":{"start":{"line":29,"column":5},"end":{"line":29,"column":40}},"11":{"start":{"line":32,"column":7},"end":{"line":32,"column":null}},"12":{"start":{"line":25,"column":21},"end":{"line":34,"column":null}},"13":{"start":{"line":25,"column":21},"end":{"line":25,"column":null}}},"fnMap":{"0":{"name":"(anonymous_3)","decl":{"start":{"line":15,"column":8},"end":{"line":15,"column":16}},"loc":{"start":{"line":15,"column":36},"end":{"line":20,"column":9}}},"1":{"name":"(anonymous_4)","decl":{"start":{"line":28,"column":4},"end":{"line":28,"column":null}},"loc":{"start":{"line":28,"column":4},"end":{"line":29,"column":40}}},"2":{"name":"(anonymous_5)","decl":{"start":{"line":31,"column":4},"end":{"line":31,"column":8}},"loc":{"start":{"line":31,"column":42},"end":{"line":33,"column":5}}}},"branchMap":{},"s":{"0":8,"1":8,"2":8,"3":8,"4":8,"5":8,"6":0,"7":0,"8":0,"9":8,"10":0,"11":0,"12":8,"13":8},"f":{"0":0,"1":0,"2":0},"b":{}}
,"C:\\Users\\paben\\OneDrive\\Documentos\\realstate\\api\\src\\infra\\repositories\\address.ts": {"path":"C:\\Users\\paben\\OneDrive\\Documentos\\realstate\\api\\src\\infra\\repositories\\address.ts","statementMap":{"0":{"start":{"line":1,"column":0},"end":{"line":1,"column":46}},"1":{"start":{"line":2,"column":0},"end":{"line":2,"column":25}},"2":{"start":{"line":5,"column":0},"end":{"line":5,"column":55}},"3":{"start":{"line":8,"column":15},"end":{"line":55,"column":null}},"4":{"start":{"line":10,"column":56},"end":{"line":10,"column":85}},"5":{"start":{"line":14,"column":24},"end":{"line":14,"column":37}},"6":{"start":{"line":15,"column":8},"end":{"line":15,"column":null}},"7":{"start":{"line":16,"column":8},"end":{"line":16,"column":null}},"8":{"start":{"line":17,"column":8},"end":{"line":17,"column":null}},"9":{"start":{"line":18,"column":8},"end":{"line":18,"column":null}},"10":{"start":{"line":19,"column":8},"end":{"line":19,"column":null}},"11":{"start":{"line":20,"column":8},"end":{"line":20,"column":null}},"12":{"start":{"line":21,"column":8},"end":{"line":21,"column":null}},"13":{"start":{"line":22,"column":8},"end":{"line":22,"column":null}},"14":{"start":{"line":23,"column":8},"end":{"line":23,"column":null}},"15":{"start":{"line":25,"column":8},"end":{"line":25,"column":null}},"16":{"start":{"line":29,"column":26},"end":{"line":29,"column":113}},"17":{"start":{"line":30,"column":8},"end":{"line":30,"column":28}},"18":{"start":{"line":30,"column":22},"end":{"line":30,"column":28}},"19":{"start":{"line":31,"column":8},"end":{"line":31,"column":null}},"20":{"start":{"line":35,"column":26},"end":{"line":35,"column":108}},"21":{"start":{"line":36,"column":8},"end":{"line":36,"column":null}},"22":{"start":{"line":36,"column":31},"end":{"line":36,"column":null}},"23":{"start":{"line":37,"column":8},"end":{"line":37,"column":null}},"24":{"start":{"line":37,"column":40},"end":{"line":37,"column":61}},"25":{"start":{"line":41,"column":8},"end":{"line":42,"column":null}},"26":{"start":{"line":46,"column":8},"end":{"line":49,"column":null}},"27":{"start":{"line":53,"column":8},"end":{"line":53,"column":null}},"28":{"start":{"line":8,"column":21},"end":{"line":55,"column":null}},"29":{"start":{"line":8,"column":21},"end":{"line":8,"column":null}}},"fnMap":{"0":{"name":"(anonymous_11)","decl":{"start":{"line":9,"column":4},"end":{"line":9,"column":null}},"loc":{"start":{"line":10,"column":85},"end":{"line":11,"column":7}}},"1":{"name":"(anonymous_12)","decl":{"start":{"line":13,"column":12},"end":{"line":13,"column":19}},"loc":{"start":{"line":13,"column":29},"end":{"line":26,"column":5}}},"2":{"name":"(anonymous_13)","decl":{"start":{"line":28,"column":10},"end":{"line":28,"column":33}},"loc":{"start":{"line":28,"column":52},"end":{"line":32,"column":null}}},"3":{"name":"(anonymous_15)","decl":{"start":{"line":34,"column":10},"end":{"line":34,"column":24}},"loc":{"start":{"line":34,"column":41},"end":{"line":38,"column":null}}},"4":{"name":"(anonymous_17)","decl":{"start":{"line":37,"column":29},"end":{"line":37,"column":36}},"loc":{"start":{"line":37,"column":40},"end":{"line":37,"column":61}}},"5":{"name":"(anonymous_18)","decl":{"start":{"line":40,"column":10},"end":{"line":40,"column":16}},"loc":{"start":{"line":40,"column":33},"end":{"line":43,"column":null}}},"6":{"name":"(anonymous_20)","decl":{"start":{"line":45,"column":10},"end":{"line":45,"column":16}},"loc":{"start":{"line":45,"column":33},"end":{"line":50,"column":null}}},"7":{"name":"(anonymous_22)","decl":{"start":{"line":52,"column":10},"end":{"line":52,"column":16}},"loc":{"start":{"line":52,"column":35},"end":{"line":54,"column":null}}}},"branchMap":{"0":{"loc":{"start":{"line":30,"column":8},"end":{"line":30,"column":28}},"type":"if","locations":[{"start":{"line":30,"column":8},"end":{"line":30,"column":28}}]},"1":{"loc":{"start":{"line":36,"column":8},"end":{"line":36,"column":null}},"type":"if","locations":[{"start":{"line":36,"column":8},"end":{"line":36,"column":null}}]}},"s":{"0":8,"1":8,"2":8,"3":8,"4":1,"5":3,"6":3,"7":3,"8":3,"9":3,"10":3,"11":3,"12":3,"13":3,"14":3,"15":3,"16":3,"17":3,"18":0,"19":3,"20":0,"21":0,"22":0,"23":0,"24":0,"25":0,"26":1,"27":0,"28":8,"29":8},"f":{"0":1,"1":3,"2":3,"3":0,"4":0,"5":0,"6":1,"7":0},"b":{"0":[0],"1":[0]}}
,"C:\\Users\\paben\\OneDrive\\Documentos\\realstate\\api\\src\\infra\\repositories\\features.ts": {"path":"C:\\Users\\paben\\OneDrive\\Documentos\\realstate\\api\\src\\infra\\repositories\\features.ts","statementMap":{"0":{"start":{"line":1,"column":0},"end":{"line":1,"column":47}},"1":{"start":{"line":2,"column":0},"end":{"line":2,"column":25}},"2":{"start":{"line":4,"column":0},"end":{"line":4,"column":57}},"3":{"start":{"line":8,"column":15},"end":{"line":50,"column":null}},"4":{"start":{"line":10,"column":56},"end":{"line":10,"column":85}},"5":{"start":{"line":14,"column":24},"end":{"line":14,"column":37}},"6":{"start":{"line":15,"column":8},"end":{"line":15,"column":null}},"7":{"start":{"line":16,"column":8},"end":{"line":16,"column":null}},"8":{"start":{"line":17,"column":8},"end":{"line":17,"column":null}},"9":{"start":{"line":18,"column":8},"end":{"line":18,"column":null}},"10":{"start":{"line":22,"column":25},"end":{"line":22,"column":80}},"11":{"start":{"line":23,"column":8},"end":{"line":23,"column":null}},"12":{"start":{"line":23,"column":46},"end":{"line":23,"column":67}},"13":{"start":{"line":27,"column":26},"end":{"line":27,"column":97}},"14":{"start":{"line":28,"column":8},"end":{"line":28,"column":null}},"15":{"start":{"line":32,"column":8},"end":{"line":35,"column":null}},"16":{"start":{"line":39,"column":8},"end":{"line":44,"column":null}},"17":{"start":{"line":48,"column":8},"end":{"line":48,"column":null}},"18":{"start":{"line":8,"column":21},"end":{"line":50,"column":null}},"19":{"start":{"line":8,"column":21},"end":{"line":8,"column":null}}},"fnMap":{"0":{"name":"(anonymous_11)","decl":{"start":{"line":9,"column":4},"end":{"line":9,"column":null}},"loc":{"start":{"line":10,"column":85},"end":{"line":11,"column":7}}},"1":{"name":"(anonymous_12)","decl":{"start":{"line":13,"column":12},"end":{"line":13,"column":19}},"loc":{"start":{"line":13,"column":30},"end":{"line":19,"column":5}}},"2":{"name":"(anonymous_13)","decl":{"start":{"line":21,"column":10},"end":{"line":21,"column":25}},"loc":{"start":{"line":21,"column":25},"end":{"line":24,"column":null}}},"3":{"name":"(anonymous_15)","decl":{"start":{"line":23,"column":28},"end":{"line":23,"column":29}},"loc":{"start":{"line":23,"column":46},"end":{"line":23,"column":67}}},"4":{"name":"(anonymous_16)","decl":{"start":{"line":26,"column":10},"end":{"line":26,"column":18}},"loc":{"start":{"line":26,"column":29},"end":{"line":29,"column":null}}},"5":{"name":"(anonymous_18)","decl":{"start":{"line":31,"column":10},"end":{"line":31,"column":16}},"loc":{"start":{"line":31,"column":33},"end":{"line":36,"column":null}}},"6":{"name":"(anonymous_20)","decl":{"start":{"line":38,"column":10},"end":{"line":38,"column":16}},"loc":{"start":{"line":38,"column":33},"end":{"line":45,"column":null}}},"7":{"name":"(anonymous_22)","decl":{"start":{"line":47,"column":10},"end":{"line":47,"column":16}},"loc":{"start":{"line":47,"column":27},"end":{"line":49,"column":null}}}},"branchMap":{},"s":{"0":8,"1":8,"2":8,"3":8,"4":2,"5":9,"6":9,"7":6,"8":6,"9":6,"10":1,"11":1,"12":2,"13":7,"14":7,"15":1,"16":0,"17":0,"18":8,"19":8},"f":{"0":2,"1":9,"2":1,"3":2,"4":7,"5":1,"6":0,"7":0},"b":{}}
,"C:\\Users\\paben\\OneDrive\\Documentos\\realstate\\api\\src\\infra\\repositories\\financialDetails.ts": {"path":"C:\\Users\\paben\\OneDrive\\Documentos\\realstate\\api\\src\\infra\\repositories\\financialDetails.ts","statementMap":{"0":{"start":{"line":1,"column":0},"end":{"line":1,"column":25}},"1":{"start":{"line":2,"column":0},"end":{"line":2,"column":44}},"2":{"start":{"line":5,"column":0},"end":{"line":5,"column":90}},"3":{"start":{"line":8,"column":15},"end":{"line":89,"column":null}},"4":{"start":{"line":10,"column":56},"end":{"line":10,"column":85}},"5":{"start":{"line":14,"column":33},"end":{"line":14,"column":55}},"6":{"start":{"line":15,"column":8},"end":{"line":15,"column":null}},"7":{"start":{"line":16,"column":8},"end":{"line":16,"column":null}},"8":{"start":{"line":17,"column":8},"end":{"line":17,"column":null}},"9":{"start":{"line":18,"column":8},"end":{"line":18,"column":null}},"10":{"start":{"line":19,"column":8},"end":{"line":19,"column":null}},"11":{"start":{"line":20,"column":8},"end":{"line":20,"column":null}},"12":{"start":{"line":21,"column":8},"end":{"line":21,"column":null}},"13":{"start":{"line":22,"column":8},"end":{"line":22,"column":null}},"14":{"start":{"line":23,"column":8},"end":{"line":23,"column":null}},"15":{"start":{"line":24,"column":8},"end":{"line":24,"column":null}},"16":{"start":{"line":25,"column":8},"end":{"line":25,"column":null}},"17":{"start":{"line":26,"column":8},"end":{"line":26,"column":null}},"18":{"start":{"line":27,"column":8},"end":{"line":27,"column":null}},"19":{"start":{"line":28,"column":8},"end":{"line":28,"column":null}},"20":{"start":{"line":32,"column":8},"end":{"line":35,"column":null}},"21":{"start":{"line":39,"column":35},"end":{"line":39,"column":132}},"22":{"start":{"line":40,"column":8},"end":{"line":40,"column":37}},"23":{"start":{"line":40,"column":31},"end":{"line":40,"column":37}},"24":{"start":{"line":41,"column":8},"end":{"line":41,"column":null}},"25":{"start":{"line":45,"column":33},"end":{"line":45,"column":117}},"26":{"start":{"line":46,"column":8},"end":{"line":46,"column":null}},"27":{"start":{"line":46,"column":38},"end":{"line":46,"column":null}},"28":{"start":{"line":47,"column":8},"end":{"line":47,"column":null}},"29":{"start":{"line":47,"column":55},"end":{"line":47,"column":84}},"30":{"start":{"line":51,"column":33},"end":{"line":51,"column":117}},"31":{"start":{"line":52,"column":8},"end":{"line":52,"column":null}},"32":{"start":{"line":52,"column":38},"end":{"line":52,"column":null}},"33":{"start":{"line":53,"column":8},"end":{"line":53,"column":null}},"34":{"start":{"line":53,"column":55},"end":{"line":53,"column":84}},"35":{"start":{"line":57,"column":33},"end":{"line":57,"column":147}},"36":{"start":{"line":58,"column":8},"end":{"line":58,"column":null}},"37":{"start":{"line":58,"column":38},"end":{"line":58,"column":null}},"38":{"start":{"line":59,"column":8},"end":{"line":59,"column":null}},"39":{"start":{"line":59,"column":55},"end":{"line":59,"column":84}},"40":{"start":{"line":63,"column":33},"end":{"line":63,"column":147}},"41":{"start":{"line":64,"column":8},"end":{"line":64,"column":null}},"42":{"start":{"line":64,"column":38},"end":{"line":64,"column":null}},"43":{"start":{"line":65,"column":8},"end":{"line":65,"column":null}},"44":{"start":{"line":65,"column":55},"end":{"line":65,"column":84}},"45":{"start":{"line":69,"column":33},"end":{"line":69,"column":129}},"46":{"start":{"line":70,"column":8},"end":{"line":70,"column":null}},"47":{"start":{"line":70,"column":38},"end":{"line":70,"column":null}},"48":{"start":{"line":71,"column":8},"end":{"line":71,"column":null}},"49":{"start":{"line":71,"column":55},"end":{"line":71,"column":84}},"50":{"start":{"line":75,"column":33},"end":{"line":75,"column":149}},"51":{"start":{"line":76,"column":8},"end":{"line":76,"column":null}},"52":{"start":{"line":76,"column":38},"end":{"line":76,"column":null}},"53":{"start":{"line":77,"column":8},"end":{"line":77,"column
[...]
,"C:\\Users\\paben\\OneDrive\\Documentos\\realstate\\api\\src\\infra\\repositories\\ticket.ts": {"path":"C:\\Users\\paben\\OneDrive\\Documentos\\realstate\\api\\src\\infra\\repositories\\ticket.ts","statementMap":{"0":{"start":{"line":1,"column":0},"end":{"line":1,"column":25}},"1":{"start":{"line":2,"column":0},"end":{"line":2,"column":46}},"2":{"start":{"line":5,"column":0},"end":{"line":5,"column":72}},"3":{"start":{"line":8,"column":15},"end":{"line":51,"column":null}},"4":{"start":{"line":10,"column":56},"end":{"line":10,"column":85}},"5":{"start":{"line":14,"column":23},"end":{"line":14,"column":35}},"6":{"start":{"line":15,"column":8},"end":{"line":15,"column":null}},"7":{"start":{"line":16,"column":8},"end":{"line":16,"column":null}},"8":{"start":{"line":17,"column":8},"end":{"line":17,"column":null}},"9":{"start":{"line":18,"column":8},"end":{"line":18,"column":null}},"10":{"start":{"line":19,"column":8},"end":{"line":19,"column":null}},"11":{"start":{"line":23,"column":8},"end":{"line":23,"column":null}},"12":{"start":{"line":27,"column":25},"end":{"line":27,"column":99}},"13":{"start":{"line":28,"column":8},"end":{"line":28,"column":27}},"14":{"start":{"line":28,"column":21},"end":{"line":28,"column":27}},"15":{"start":{"line":29,"column":8},"end":{"line":29,"column":null}},"16":{"start":{"line":33,"column":24},"end":{"line":33,"column":78}},"17":{"start":{"line":34,"column":8},"end":{"line":34,"column":null}},"18":{"start":{"line":34,"column":29},"end":{"line":34,"column":null}},"19":{"start":{"line":35,"column":8},"end":{"line":35,"column":null}},"20":{"start":{"line":35,"column":37},"end":{"line":35,"column":57}},"21":{"start":{"line":39,"column":25},"end":{"line":39,"column":104}},"22":{"start":{"line":40,"column":8},"end":{"line":40,"column":27}},"23":{"start":{"line":40,"column":21},"end":{"line":40,"column":27}},"24":{"start":{"line":41,"column":8},"end":{"line":41,"column":null}},"25":{"start":{"line":45,"column":8},"end":{"line":45,"column":null}},"26":{"start":{"line":49,"column":8},"end":{"line":49,"column":null}},"27":{"start":{"line":8,"column":21},"end":{"line":51,"column":null}},"28":{"start":{"line":8,"column":21},"end":{"line":8,"column":null}}},"fnMap":{"0":{"name":"(anonymous_12)","decl":{"start":{"line":9,"column":4},"end":{"line":9,"column":null}},"loc":{"start":{"line":10,"column":85},"end":{"line":11,"column":7}}},"1":{"name":"(anonymous_13)","decl":{"start":{"line":13,"column":12},"end":{"line":13,"column":19}},"loc":{"start":{"line":13,"column":29},"end":{"line":20,"column":5}}},"2":{"name":"(anonymous_14)","decl":{"start":{"line":22,"column":10},"end":{"line":22,"column":16}},"loc":{"start":{"line":22,"column":31},"end":{"line":24,"column":null}}},"3":{"name":"(anonymous_16)","decl":{"start":{"line":26,"column":10},"end":{"line":26,"column":20}},"loc":{"start":{"line":26,"column":33},"end":{"line":30,"column":null}}},"4":{"name":"(anonymous_18)","decl":{"start":{"line":32,"column":10},"end":{"line":32,"column":17}},"loc":{"start":{"line":32,"column":17},"end":{"line":36,"column":null}}},"5":{"name":"(anonymous_20)","decl":{"start":{"line":35,"column":27},"end":{"line":35,"column":33}},"loc":{"start":{"line":35,"column":37},"end":{"line":35,"column":57}}},"6":{"name":"(anonymous_21)","decl":{"start":{"line":38,"column":10},"end":{"line":38,"column":20}},"loc":{"start":{"line":38,"column":35},"end":{"line":42,"column":null}}},"7":{"name":"(anonymous_23)","decl":{"start":{"line":44,"column":10},"end":{"line":44,"column":14}},"loc":{"start":{"line":44,"column":55},"end":{"line":46,"column":null}}},"8":{"name":"(anonymous_25)","decl":{"start":{"line":48,"column":10},"end":{"line":48,"column":16}},"loc":{"start":{"line":48,"column":27},"end":{"line":50,"column":null}}}},"branchMap":{"0":{"loc":{"start":{"line":28,"column":8},"end":{"line":28,"column":27}},"type":"if","locations":[{"start":{"line":28,"column":8},"end":{"line":28,"column":27}}]},"1":{"loc":{"start":{"line":34,"column":8},"end":{"line":34,"column":null}},"type":"if","locations":[{"start":{"line":34,"column":8},"end":{"line":34,"column":null}}]},"2":{"loc":{"start":{"line":40,"column":8},"end":{"line":40,"column":27}},"type":"if","locations":[{"start":{"line":40,"column":8},"end":{"line":40,"column":27}}]}},"s":{"0":8,"1":8,"2":8,"3":8,"4":1,"5":0,"6":0,"7":0,"8":0,"9":0,"10":0,"11":1,"12":0,"13":0,"14":0,"15":0,"16":0,"17":0,"18":0,"19":0,"20":0,"21":0,"22":0,"23":0,"24":0,"25":0,"26":0,"27":8,"28":8},"f":{"0":1,"1":0,"2":1,"3":0,"4":0,"5":0,"6":0,"7":0,"8":0},"b":{"0":[0],"1":[0],"2":[0]}}
,"C:\\Users\\paben\\OneDrive\\Documentos\\realstate\\api\\src\\infra\\repositories\\user.ts": {"path":"C:\\Users\\paben\\OneDrive\\Documentos\\realstate\\api\\src\\infra\\repositories\\user.ts","statementMap":{"0":{"start":{"line":1,"column":0},"end":{"line":1,"column":47}},"1":{"start":{"line":2,"column":0},"end":{"line":2,"column":25}},"2":{"start":{"line":4,"column":0},"end":{"line":4,"column":50}},"3":{"start":{"line":8,"column":15},"end":{"line":39,"column":null}},"4":{"start":{"line":10,"column":56},"end":{"line":10,"column":85}},"5":{"start":{"line":14,"column":21},"end":{"line":14,"column":31}},"6":{"start":{"line":15,"column":8},"end":{"line":15,"column":null}},"7":{"start":{"line":16,"column":8},"end":{"line":16,"column":null}},"8":{"start":{"line":17,"column":8},"end":{"line":17,"column":null}},"9":{"start":{"line":18,"column":8},"end":{"line":18,"column":null}},"10":{"start":{"line":19,"column":8},"end":{"line":19,"column":null}},"11":{"start":{"line":20,"column":8},"end":{"line":20,"column":null}},"12":{"start":{"line":21,"column":8},"end":{"line":21,"column":null}},"13":{"start":{"line":25,"column":8},"end":{"line":25,"column":null}},"14":{"start":{"line":29,"column":23},"end":{"line":29,"column":97}},"15":{"start":{"line":30,"column":8},"end":{"line":30,"column":25}},"16":{"start":{"line":30,"column":19},"end":{"line":30,"column":25}},"17":{"start":{"line":31,"column":8},"end":{"line":31,"column":null}},"18":{"start":{"line":35,"column":23},"end":{"line":35,"column":91}},"19":{"start":{"line":36,"column":8},"end":{"line":36,"column":25}},"20":{"start":{"line":36,"column":19},"end":{"line":36,"column":25}},"21":{"start":{"line":37,"column":8},"end":{"line":37,"column":null}},"22":{"start":{"line":8,"column":21},"end":{"line":39,"column":null}},"23":{"start":{"line":8,"column":21},"end":{"line":8,"column":null}}},"fnMap":{"0":{"name":"(anonymous_11)","decl":{"start":{"line":9,"column":4},"end":{"line":9,"column":null}},"loc":{"start":{"line":10,"column":85},"end":{"line":11,"column":7}}},"1":{"name":"(anonymous_12)","decl":{"start":{"line":13,"column":12},"end":{"line":13,"column":19}},"loc":{"start":{"line":13,"column":30},"end":{"line":22,"column":5}}},"2":{"name":"(anonymous_13)","decl":{"start":{"line":24,"column":10},"end":{"line":24,"column":16}},"loc":{"start":{"line":24,"column":27},"end":{"line":26,"column":null}}},"3":{"name":"(anonymous_15)","decl":{"start":{"line":28,"column":10},"end":{"line":28,"column":21}},"loc":{"start":{"line":28,"column":35},"end":{"line":32,"column":null}}},"4":{"name":"(anonymous_17)","decl":{"start":{"line":34,"column":10},"end":{"line":34,"column":18}},"loc":{"start":{"line":34,"column":29},"end":{"line":38,"column":null}}}},"branchMap":{"0":{"loc":{"start":{"line":30,"column":8},"end":{"line":30,"column":25}},"type":"if","locations":[{"start":{"line":30,"column":8},"end":{"line":30,"column":25}}]},"1":{"loc":{"start":{"line":36,"column":8},"end":{"line":36,"column":25}},"type":"if","locations":[{"start":{"line":36,"column":8},"end":{"line":36,"column":25}}]}},"s":{"0":8,"1":8,"2":8,"3":8,"4":1,"5":0,"6":0,"7":0,"8":0,"9":0,"10":0,"11":0,"12":0,"13":1,"14":1,"15":1,"16":1,"17":0,"18":0,"19":0,"20":0,"21":0,"22":8,"23":8},"f":{"0":1,"1":0,"2":1,"3":1,"4":0},"b":{"0":[1],"1":[0]}}
,"C:\\Users\\paben\\OneDrive\\Documentos\\realstate\\api\\src\\infra\\storage\\S3.ts": {"path":"C:\\Users\\paben\\OneDrive\\Documentos\\realstate\\api\\src\\infra\\storage\\S3.ts","statementMap":{"0":{"start":{"line":1,"column":0},"end":{"line":1,"column":25}},"1":{"start":{"line":2,"column":0},"end":{"line":2,"column":38}},"2":{"start":{"line":4,"column":0},"end":{"line":4,"column":33}},"3":{"start":{"line":5,"column":0},"end":{"line":5,"column":27}},"4":{"start":{"line":7,"column":0},"end":{"line":7,"column":53}},"5":{"start":{"line":8,"column":0},"end":{"line":8,"column":23}},"6":{"start":{"line":9,"column":0},"end":{"line":9,"column":23}},"7":{"start":{"line":10,"column":0},"end":{"line":10,"column":19}},"8":{"start":{"line":11,"column":0},"end":{"line":11,"column":65}},"9":{"start":{"line":13,"column":17},"end":{"line":13,"column":76}},"10":{"start":{"line":14,"column":19},"end":{"line":14,"column":63}},"11":{"start":{"line":17,"column":15},"end":{"line":51,"column":null}},"12":{"start":{"line":19,"column":12},"end":{"line":19,"column":null}},"13":{"start":{"line":22,"column":6},"end":{"line":22,"column":41}},"14":{"start":{"line":25,"column":25},"end":{"line":25,"column":63}},"15":{"start":{"line":26,"column":8},"end":{"line":26,"column":null}},"16":{"start":{"line":30,"column":8},"end":{"line":34,"column":null}},"17":{"start":{"line":38,"column":25},"end":{"line":38,"column":63}},"18":{"start":{"line":39,"column":28},"end":{"line":39,"column":50}},"19":{"start":{"line":40,"column":8},"end":{"line":40,"column":null}},"20":{"start":{"line":40,"column":26},"end":{"line":40,"column":null}},"21":{"start":{"line":41,"column":28},"end":{"line":41,"column":64}},"22":{"start":{"line":42,"column":8},"end":{"line":49,"column":null}},"23":{"start":{"line":17,"column":21},"end":{"line":51,"column":null}},"24":{"start":{"line":17,"column":21},"end":{"line":17,"column":null}}},"fnMap":{"0":{"name":"(anonymous_10)","decl":{"start":{"line":21,"column":4},"end":{"line":21,"column":null}},"loc":{"start":{"line":21,"column":4},"end":{"line":22,"column":41}}},"1":{"name":"(anonymous_11)","decl":{"start":{"line":24,"column":10},"end":{"line":24,"column":18}},"loc":{"start":{"line":24,"column":35},"end":{"line":27,"column":null}}},"2":{"name":"(anonymous_13)","decl":{"start":{"line":29,"column":10},"end":{"line":29,"column":16}},"loc":{"start":{"line":29,"column":33},"end":{"line":35,"column":null}}},"3":{"name":"(anonymous_15)","decl":{"start":{"line":37,"column":10},"end":{"line":37,"column":14}},"loc":{"start":{"line":37,"column":31},"end":{"line":50,"column":null}}}},"branchMap":{"0":{"loc":{"start":{"line":40,"column":8},"end":{"line":40,"column":null}},"type":"if","locations":[{"start":{"line":40,"column":8},"end":{"line":40,"column":null}}]}},"s":{"0":8,"1":8,"2":8,"3":8,"4":8,"5":8,"6":8,"7":8,"8":8,"9":8,"10":8,"11":8,"12":0,"13":0,"14":0,"15":0,"16":0,"17":0,"18":0,"19":0,"20":0,"21":0,"22":0,"23":8,"24":8},"f":{"0":0,"1":0,"2":0,"3":0},"b":{"0":[0]}}
,"C:\\Users\\paben\\OneDrive\\Documentos\\realstate\\api\\src\\infra\\utils\\jwt.ts": {"path":"C:\\Users\\paben\\OneDrive\\Documentos\\realstate\\api\\src\\infra\\utils\\jwt.ts","statementMap":{"0":{"start":{"line":1,"column":0},"end":{"line":1,"column":39}},"1":{"start":{"line":3,"column":0},"end":{"line":3,"column":44}},"2":{"start":{"line":4,"column":0},"end":{"line":4,"column":27}},"3":{"start":{"line":5,"column":0},"end":{"line":5,"column":25}},"4":{"start":{"line":7,"column":0},"end":{"line":7,"column":null}},"5":{"start":{"line":10,"column":15},"end":{"line":25,"column":null}},"6":{"start":{"line":11,"column":21},"end":{"line":11,"column":null}},"7":{"start":{"line":15,"column":8},"end":{"line":15,"column":null}},"8":{"start":{"line":19,"column":8},"end":{"line":19,"column":null}},"9":{"start":{"line":23,"column":8},"end":{"line":23,"column":null}},"10":{"start":{"line":10,"column":21},"end":{"line":25,"column":null}},"11":{"start":{"line":10,"column":21},"end":{"line":10,"column":null}}},"fnMap":{"0":{"name":"(anonymous_3)","decl":{"start":{"line":14,"column":4},"end":{"line":14,"column":null}},"loc":{"start":{"line":14,"column":4},"end":{"line":16,"column":5}}},"1":{"name":"(anonymous_4)","decl":{"start":{"line":18,"column":4},"end":{"line":18,"column":12}},"loc":{"start":{"line":18,"column":59},"end":{"line":20,"column":5}}},"2":{"name":"(anonymous_5)","decl":{"start":{"line":22,"column":4},"end":{"line":22,"column":10}},"loc":{"start":{"line":22,"column":24},"end":{"line":24,"column":5}}}},"branchMap":{"0":{"loc":{"start":{"line":18,"column":36},"end":{"line":18,"column":59}},"type":"default-arg","locations":[{"start":{"line":18,"column":49},"end":{"line":18,"column":59}}]}},"s":{"0":8,"1":8,"2":8,"3":8,"4":8,"5":8,"6":3,"7":3,"8":2,"9":1,"10":8,"11":8},"f":{"0":3,"1":2,"2":1},"b":{"0":[2]}}
,"C:\\Users\\paben\\OneDrive\\Documentos\\realstate\\api\\src\\infra\\utils\\uuid.ts": {"path":"C:\\Users\\paben\\OneDrive\\Documentos\\realstate\\api\\src\\infra\\utils\\uuid.ts","statementMap":{"0":{"start":{"line":1,"column":0},"end":{"line":1,"column":38}},"1":{"start":{"line":2,"column":0},"end":{"line":2,"column":33}},"2":{"start":{"line":4,"column":0},"end":{"line":4,"column":25}},"3":{"start":{"line":7,"column":15},"end":{"line":11,"column":null}},"4":{"start":{"line":9,"column":8},"end":{"line":9,"column":null}},"5":{"start":{"line":7,"column":21},"end":{"line":11,"column":null}},"6":{"start":{"line":7,"column":21},"end":{"line":7,"column":null}}},"fnMap":{"0":{"name":"(anonymous_1)","decl":{"start":{"line":8,"column":4},"end":{"line":8,"column":12}},"loc":{"start":{"line":8,"column":12},"end":{"line":10,"column":5}}}},"branchMap":{},"s":{"0":9,"1":9,"2":9,"3":9,"4":5,"5":9,"6":9},"f":{"0":5},"b":{}}
,"C:\\Users\\paben\\OneDrive\\Documentos\\realstate\\api\\src\\presentation\\ioc.ts": {"path":"C:\\Users\\paben\\OneDrive\\Documentos\\realstate\\api\\src\\presentation\\ioc.ts","statementMap":{"0":{"start":{"line":1,"column":0},"end":{"line":1,"column":38}},"1":{"start":{"line":2,"column":0},"end":{"line":2,"column":25}},"2":{"start":{"line":4,"column":0},"end":{"line":4,"column":46}},"3":{"start":{"line":6,"column":0},"end":{"line":6,"column":57}},"4":{"start":{"line":8,"column":0},"end":{"line":8,"column":53}},"5":{"start":{"line":10,"column":0},"end":{"line":10,"column":58}},"6":{"start":{"line":12,"column":0},"end":{"line":12,"column":55}},"7":{"start":{"line":14,"column":0},"end":{"line":14,"column":56}},"8":{"start":{"line":16,"column":0},"end":{"line":16,"column":64}},"9":{"start":{"line":18,"column":0},"end":{"line":18,"column":64}},"10":{"start":{"line":20,"column":0},"end":{"line":20,"column":80}},"11":{"start":{"line":22,"column":0},"end":{"line":22,"column":37}},"12":{"start":{"line":24,"column":0},"end":{"line":24,"column":51}},"13":{"start":{"line":26,"column":0},"end":{"line":26,"column":51}},"14":{"start":{"line":28,"column":0},"end":{"line":28,"column":60}},"15":{"start":{"line":30,"column":0},"end":{"line":30,"column":48}},"16":{"start":{"line":32,"column":0},"end":{"line":32,"column":50}},"17":{"start":{"line":34,"column":0},"end":{"line":34,"column":44}},"18":{"start":{"line":36,"column":0},"end":{"line":36,"column":63}},"19":{"start":{"line":38,"column":0},"end":{"line":38,"column":90}},"20":{"start":{"line":40,"column":0},"end":{"line":40,"column":89}},"21":{"start":{"line":42,"column":0},"end":{"line":42,"column":80}},"22":{"start":{"line":44,"column":0},"end":{"line":44,"column":79}},"23":{"start":{"line":46,"column":0},"end":{"line":46,"column":62}},"24":{"start":{"line":48,"column":0},"end":{"line":48,"column":61}},"25":{"start":{"line":50,"column":0},"end":{"line":50,"column":63}},"26":{"start":{"line":52,"column":0},"end":{"line":52,"column":79}},"27":{"start":{"line":54,"column":0},"end":{"line":54,"column":87}},"28":{"start":{"line":56,"column":21},"end":{"line":56,"column":36}},"29":{"start":{"line":84,"column":9},"end":{"line":84,"column":21}},"30":{"start":{"line":57,"column":0},"end":{"line":57,"column":null}},"31":{"start":{"line":58,"column":0},"end":{"line":58,"column":null}},"32":{"start":{"line":59,"column":0},"end":{"line":59,"column":null}},"33":{"start":{"line":60,"column":0},"end":{"line":60,"column":null}},"34":{"start":{"line":61,"column":0},"end":{"line":61,"column":null}},"35":{"start":{"line":62,"column":0},"end":{"line":62,"column":null}},"36":{"start":{"line":63,"column":0},"end":{"line":63,"column":null}},"37":{"start":{"line":64,"column":0},"end":{"line":64,"column":null}},"38":{"start":{"line":65,"column":0},"end":{"line":65,"column":null}},"39":{"start":{"line":66,"column":0},"end":{"line":66,"column":null}},"40":{"start":{"line":67,"column":0},"end":{"line":67,"column":null}},"41":{"start":{"line":68,"column":0},"end":{"line":68,"column":null}},"42":{"start":{"line":69,"column":0},"end":{"line":69,"column":null}},"43":{"start":{"line":70,"column":0},"end":{"line":70,"column":null}},"44":{"start":{"line":71,"column":0},"end":{"line":71,"column":null}},"45":{"start":{"line":72,"column":0},"end":{"line":72,"column":null}},"46":{"start":{"line":73,"column":0},"end":{"line":73,"column":null}},"47":{"start":{"line":74,"column":0},"end":{"line":74,"column":null}},"48":{"start":{"line":75,"column":0},"end":{"line":75,"column":null}},"49":{"start":{"line":76,"column":0},"end":{"line":76,"column":null}},"50":{"start":{"line":77,"column":0},"end":{"line":77,"column":null}},"51":{"start":{"line":78,"column":0},"end":{"line":78,"column":null}},"52":{"start":{"line":79,"column":0},"end":{"line":79,"column":null}},"53":{"start":{"line":80,"column":0},"end":{"line":80,"column":null}},"54":{"start":{"line":81,"column":0},"end":{"line":81,"column":null}},"55":{"start":{"line":82,"column":0},"end":{"line":82,"column":null}}},"fnMap":{},"branchMap":{},"s":{"0":8,"1":8,"2":8,"3":8,"4":8,"5":8,"6":8,"7":8,"8":8,"9":8,"10":8,"11":8,"12":8,"13":8,"14":8,"15":8,"16":8,"17":8,"18":8,"19":8,"20":8,"21":8,"22":8,"23":8,"24":8,"25":8,"26":8,"27":8,"28":8,"29":8,"30":8,"31":8,"32":8,"33":8,"34":8,"35":8,"36":8,"37":8,"38":8,"39":8,"40":8,"41":8,"42":8,"43":8,"44":8,"45":8,"46":8,"47":8,"48":8,"49":8,"50":8,"51":8,"52":8,"53":8,"54":8,"55":8},"f":{},"b":{}}
}
