TN:
SF:src\application\services\address.ts
FN:12,(anonymous_11)
FN:18,(anonymous_12)
FN:37,(anonymous_14)
FN:53,(anonymous_16)
FN:61,(anonymous_18)
FNF:5
FNH:4
FNDA:1,(anonymous_11)
FNDA:1,(anonymous_12)
FNDA:1,(anonymous_14)
FNDA:1,(anonymous_16)
FNDA:0,(anonymous_18)
DA:1,8
DA:2,8
DA:7,8
DA:8,8
DA:11,8
DA:13,1
DA:14,1
DA:15,1
DA:19,1
DA:20,1
DA:21,1
DA:22,1
DA:23,0
DA:24,0
DA:25,0
DA:26,0
DA:27,0
DA:28,0
DA:29,0
DA:30,0
DA:31,0
DA:32,0
DA:34,0
DA:38,1
DA:39,1
DA:40,1
DA:41,1
DA:42,1
DA:43,1
DA:44,1
DA:45,1
DA:46,1
DA:47,1
DA:48,1
DA:50,1
DA:54,1
DA:55,1
DA:56,1
DA:57,1
DA:58,1
DA:62,0
DA:63,0
DA:64,0
DA:65,0
DA:66,0
LF:45
LH:29
BRDA:20,0,0,0
BRDA:22,1,0,1
BRDA:39,2,0,0
BRDA:41,3,0,0
BRDA:55,4,0,0
BRDA:57,5,0,0
BRDA:63,6,0,0
BRDA:65,7,0,0
BRF:8
BRH:1
end_of_record
TN:
SF:src\application\services\auth.ts
FN:17,(anonymous_18)
FN:26,(anonymous_19)
FN:57,(anonymous_21)
FN:74,(anonymous_23)
FNF:4
FNH:2
FNDA:1,(anonymous_18)
FNDA:1,(anonymous_19)
FNDA:0,(anonymous_21)
FNDA:0,(anonymous_23)
DA:1,8
DA:2,8
DA:7,8
DA:8,8
DA:10,8
DA:13,8
DA:16,8
DA:18,1
DA:19,1
DA:20,1
DA:21,1
DA:22,1
DA:23,1
DA:27,1
DA:28,1
DA:29,1
DA:30,1
DA:31,1
DA:32,1
DA:33,1
DA:34,1
DA:35,1
DA:36,1
DA:37,1
DA:39,1
DA:40,1
DA:41,1
DA:42,1
DA:43,1
DA:44,1
DA:46,1
DA:58,0
DA:59,0
DA:61,0
DA:63,0
DA:64,0
DA:66,0
DA:67,0
DA:69,0
DA:71,0
DA:75,0
DA:76,0
DA:77,0
DA:78,0
DA:79,0
DA:81,0
DA:83,0
LF:47
LH:31
BRDA:29,0,0,0
BRDA:59,1,0,0
BRDA:63,2,0,0
BRDA:63,3,0,0
BRDA:63,3,1,0
BRDA:63,4,0,0
BRDA:63,4,1,0
BRDA:64,5,0,0
BRDA:64,5,1,0
BRDA:64,6,0,0
BRDA:64,6,1,0
BRDA:67,7,0,0
BRDA:77,8,0,0
BRDA:79,9,0,0
BRF:14
BRH:0
end_of_record
TN:
SF:src\application\services\features.ts
FN:11,(anonymous_11)
FN:16,(anonymous_12)
FN:25,(anonymous_14)
FN:33,(anonymous_16)
FN:39,(anonymous_18)
FN:44,(anonymous_20)
FNF:6
FNH:6
FNDA:1,(anonymous_11)
FNDA:1,(anonymous_12)
FNDA:1,(anonymous_14)
FNDA:1,(anonymous_16)
FNDA:1,(anonymous_18)
FNDA:1,(anonymous_20)
DA:1,8
DA:2,8
DA:6,8
DA:7,8
DA:10,8
DA:12,1
DA:13,1
DA:17,1
DA:18,1
DA:19,1
DA:20,1
DA:22,1
DA:26,1
DA:27,0
DA:28,0
DA:29,0
DA:30,0
DA:34,1
DA:35,0
DA:36,0
DA:40,1
DA:41,1
DA:45,1
DA:46,0
DA:47,0
LF:25
LH:17
BRDA:27,0,0,0
BRDA:35,1,0,0
BRDA:46,2,0,0
BRF:3
BRH:0
end_of_record
TN:
SF:src\application\services\financialDetails.ts
FN:12,(anonymous_11)
FN:18,(anonymous_12)
FN:41,(anonymous_14)
FN:52,(anonymous_16)
FN:73,(anonymous_18)
FNF:5
FNH:4
FNDA:1,(anonymous_11)
FNDA:1,(anonymous_12)
FNDA:1,(anonymous_14)
FNDA:1,(anonymous_16)
FNDA:0,(anonymous_18)
DA:1,8
DA:2,8
DA:7,8
DA:8,8
DA:11,8
DA:13,1
DA:14,1
DA:15,1
DA:19,1
DA:20,1
DA:21,1
DA:22,1
DA:23,0
DA:24,0
DA:25,0
DA:26,0
DA:27,0
DA:28,0
DA:29,0
DA:30,0
DA:31,0
DA:32,0
DA:33,0
DA:34,0
DA:35,0
DA:36,0
DA:38,0
DA:42,1
DA:43,1
DA:44,1
DA:45,1
DA:47,1
DA:53,1
DA:54,1
DA:55,1
DA:56,1
DA:58,1
DA:59,1
DA:60,1
DA:61,1
DA:62,1
DA:63,1
DA:64,1
DA:65,1
DA:66,1
DA:67,1
DA:68,1
DA:70,1
DA:74,0
DA:75,0
DA:76,0
DA:77,0
DA:79,0
LF:53
LH:33
BRDA:20,0,0,0
BRDA:22,1,0,1
BRDA:43,2,0,0
BRDA:45,3,0,0
BRDA:54,4,0,0
BRDA:56,5,0,0
BRDA:75,6,0,0
BRDA:77,7,0,0
BRF:8
BRH:1
end_of_record
TN:
SF:src\application\services\infrastructureDetails.ts
FN:12,(anonymous_11)
FN:18,(anonymous_12)
FN:36,(anonymous_14)
FN:46,(anonymous_16)
FN:60,(anonymous_18)
FNF:5
FNH:4
FNDA:1,(anonymous_11)
FNDA:1,(anonymous_12)
FNDA:1,(anonymous_14)
FNDA:1,(anonymous_16)
FNDA:0,(anonymous_18)
DA:1,8
DA:2,8
DA:7,8
DA:8,8
DA:11,8
DA:13,1
DA:14,1
DA:15,1
DA:19,1
DA:20,1
DA:21,1
DA:22,1
DA:23,0
DA:24,0
DA:25,0
DA:26,0
DA:27,0
DA:28,0
DA:29,0
DA:30,0
DA:31,0
DA:33,0
DA:37,1
DA:38,1
DA:39,1
DA:40,1
DA:41,1
DA:47,1
DA:48,1
DA:49,1
DA:50,1
DA:51,1
DA:52,1
DA:53,1
DA:54,1
DA:55,1
DA:56,1
DA:57,1
DA:61,0
DA:62,0
DA:63,0
DA:64,0
DA:65,0
LF:43
LH:28
BRDA:20,0,0,0
BRDA:22,1,0,1
BRDA:38,2,0,0
BRDA:40,3,0,0
BRDA:48,4,0,0
BRDA:50,5,0,0
BRDA:62,6,0,0
BRDA:64,7,0,0
BRF:8
BRH:1
end_of_record
TN:
SF:src\application\services\owner.ts
FN:10,(anonymous_11)
FN:15,(anonymous_12)
FN:20,(anonymous_14)
FN:33,(anonymous_16)
FN:42,(anonymous_18)
FNF:5
FNH:0
FNDA:0,(anonymous_11)
FNDA:0,(anonymous_12)
FNDA:0,(anonymous_14)
FNDA:0,(anonymous_16)
FNDA:0,(anonymous_18)
DA:1,8
DA:2,8
DA:6,8
DA:9,8
DA:11,0
DA:12,0
DA:16,0
DA:17,0
DA:21,0
DA:22,0
DA:23,0
DA:24,0
DA:25,0
DA:26,0
DA:27,0
DA:28,0
DA:34,0
DA:35,0
DA:36,0
DA:37,0
DA:38,0
DA:39,0
DA:43,0
LF:23
LH:4
BRF:0
BRH:0
end_of_record
TN:
SF:src\application\services\property.ts
FN:15,(anonymous_11)
FN:22,(anonymous_12)
FN:41,(anonymous_14)
FN:52,(anonymous_16)
FN:57,(anonymous_18)
FN:63,(anonymous_19)
FN:71,(anonymous_21)
FN:81,(anonymous_23)
FNF:8
FNH:0
FNDA:0,(anonymous_11)
FNDA:0,(anonymous_12)
FNDA:0,(anonymous_14)
FNDA:0,(anonymous_16)
FNDA:0,(anonymous_18)
FNDA:0,(anonymous_19)
FNDA:0,(anonymous_21)
FNDA:0,(anonymous_23)
DA:1,8
DA:2,8
DA:9,8
DA:10,8
DA:14,8
DA:16,0
DA:17,0
DA:18,0
DA:19,0
DA:23,0
DA:24,0
DA:25,0
DA:26,0
DA:27,0
DA:35,0
DA:36,0
DA:42,0
DA:43,0
DA:44,0
DA:45,0
DA:46,0
DA:47,0
DA:49,0
DA:53,0
DA:54,0
DA:55,0
DA:56,0
DA:57,0
DA:58,0
DA:60,0
DA:64,0
DA:65,0
DA:66,0
DA:72,0
DA:73,0
DA:74,0
DA:75,0
DA:76,0
DA:77,0
DA:78,0
DA:82,0
DA:83,0
DA:84,0
DA:85,0
DA:87,0
LF:45
LH:5
BRDA:24,0,0,0
BRDA:43,1,0,0
BRDA:54,2,0,0
BRDA:65,3,0,0
BRDA:73,4,0,0
BRDA:83,5,0,0
BRF:6
BRH:0
end_of_record
TN:
SF:src\application\services\propertyFeatures.ts
FN:12,(anonymous_11)
FN:18,(anonymous_12)
FN:27,(anonymous_14)
FN:38,(anonymous_16)
FN:48,(anonymous_18)
FNF:5
FNH:4
FNDA:1,(anonymous_11)
FNDA:3,(anonymous_12)
FNDA:1,(anonymous_14)
FNDA:1,(anonymous_16)
FNDA:0,(anonymous_18)
DA:1,8
DA:2,8
DA:7,8
DA:8,8
DA:11,8
DA:13,1
DA:14,1
DA:15,1
DA:19,3
DA:20,3
DA:28,1
DA:29,1
DA:30,1
DA:31,1
DA:32,1
DA:33,1
DA:35,1
DA:39,1
DA:40,1
DA:41,1
DA:42,1
DA:43,3
DA:45,1
DA:49,0
LF:24
LH:23
BRDA:29,0,0,0
BRDA:40,1,0,0
BRF:2
BRH:0
end_of_record
TN:
SF:src\application\usecases\propertyPresentation.ts
FN:15,(anonymous_11)
FN:25,(anonymous_12)
FN:42,(anonymous_14)
FN:59,(anonymous_16)
FNF:4
FNH:0
FNDA:0,(anonymous_11)
FNDA:0,(anonymous_12)
FNDA:0,(anonymous_14)
FNDA:0,(anonymous_16)
DA:1,8
DA:2,8
DA:10,8
DA:14,8
DA:16,0
DA:17,0
DA:18,0
DA:19,0
DA:20,0
DA:21,0
DA:22,0
DA:26,0
DA:27,0
DA:28,0
DA:29,0
DA:30,0
DA:31,0
DA:39,0
DA:43,0
DA:44,0
DA:45,0
DA:46,0
DA:47,0
DA:48,0
DA:56,0
DA:60,0
DA:61,0
DA:62,0
DA:63,0
DA:64,0
DA:65,0
DA:66,0
DA:67,0
LF:33
LH:4
BRDA:66,0,0,0
BRF:1
BRH:0
end_of_record
TN:
SF:src\application\utils\convertDateToString.ts
FN:1,convertDateToString
FNF:1
FNH:1
FNDA:1,convertDateToString
DA:1,1
DA:2,1
DA:3,1
DA:4,1
DA:6,1
LF:5
LH:5
BRF:0
BRH:0
end_of_record
TN:
SF:src\application\utils\findFilesInDirectory.ts
FN:5,findFilesInDirectory
FN:11,(anonymous_10)
FNF:2
FNH:1
FNDA:1,findFilesInDirectory
FNDA:0,(anonymous_10)
DA:1,1
DA:2,1
DA:5,1
DA:6,1
DA:7,1
DA:9,1
DA:10,1
DA:11,1
DA:13,0
DA:16,1
LF:10
LH:9
BRF:0
BRH:0
end_of_record
TN:
SF:src\application\validation\leaves\validateEmail.ts
FN:3,validateEmail
FNF:1
FNH:1
FNDA:2,validateEmail
DA:1,9
DA:3,9
DA:4,2
DA:5,2
LF:4
LH:4
BRDA:5,0,0,1
BRF:1
BRH:1
end_of_record
TN:
SF:src\domain\entities\address.ts
FNF:0
FNH:0
DA:1,8
LF:1
LH:1
BRF:0
BRH:0
end_of_record
TN:
SF:src\domain\entities\features.ts
FN:1,(anonymous_0)
FNF:1
FNH:1
FNDA:8,(anonymous_0)
DA:1,8
DA:2,8
DA:3,8
DA:6,8
LF:4
LH:4
BRDA:1,0,0,8
BRDA:1,0,1,8
BRF:2
BRH:2
end_of_record
TN:
SF:src\domain\entities\financialDetails.ts
FN:1,(anonymous_0)
FNF:1
FNH:1
FNDA:8,(anonymous_0)
DA:1,8
DA:2,8
DA:3,8
DA:4,8
DA:7,8
LF:5
LH:5
BRDA:1,0,0,8
BRDA:1,0,1,8
BRF:2
BRH:2
end_of_record
TN:
SF:src\domain\entities\infrastructureDetails.ts
FNF:0
FNH:0
DA:1,8
LF:1
LH:1
BRF:0
BRH:0
end_of_record
TN:
SF:src\domain\entities\owner.ts
FNF:0
FNH:0
DA:1,8
LF:1
LH:1
BRF:0
BRH:0
end_of_record
TN:
SF:src\domain\entities\property.ts
FNF:0
FNH:0
DA:3,8
LF:1
LH:1
BRF:0
BRH:0
end_of_record
TN:
SF:src\domain\entities\propertyFeatures.ts
FNF:0
FNH:0
DA:1,8
LF:1
LH:1
BRF:0
BRH:0
end_of_record
TN:
SF:src\domain\entities\ticket.ts
FN:1,(anonymous_0)
FNF:1
FNH:1
FNDA:8,(anonymous_0)
DA:1,8
DA:2,8
DA:3,8
DA:6,8
LF:4
LH:4
BRDA:1,0,0,8
BRDA:1,0,1,8
BRF:2
BRH:2
end_of_record
TN:
SF:src\domain\entities\user.ts
FNF:0
FNH:0
DA:1,8
LF:1
LH:1
BRF:0
BRH:0
end_of_record
TN:
SF:src\domain\error\application.ts
FN:3,(anonymous_0)
FNF:1
FNH:1
FNDA:5,(anonymous_0)
DA:1,9
DA:7,5
DA:8,5
LF:3
LH:3
BRF:0
BRH:0
end_of_record
TN:
SF:src\infra\cryptograph\hasher.ts
FN:7,(anonymous_2)
FN:10,(anonymous_3)
FN:14,(anonymous_4)
FNF:3
FNH:3
FNDA:3,(anonymous_2)
FNDA:4,(anonymous_3)
FNDA:2,(anonymous_4)
DA:1,9
DA:2,9
DA:4,9
DA:7,9
DA:8,3
DA:11,4
DA:15,2
LF:7
LH:7
BRF:0
BRH:0
end_of_record
TN:
SF:src\infra\db\postgre.ts
FN:18,(anonymous_10)
FN:23,(anonymous_11)
FN:27,(anonymous_12)
FNF:3
FNH:3
FNDA:16,(anonymous_10)
FNDA:35,(anonymous_11)
FNDA:5,(anonymous_12)
DA:1,8
DA:2,8
DA:4,8
DA:5,8
DA:7,8
DA:9,8
DA:10,8
DA:12,8
DA:15,8
DA:19,16
DA:24,35
DA:28,5
LF:12
LH:12
BRF:0
BRH:0
end_of_record
TN:
SF:src\infra\http\express.ts
FN:11,(anonymous_10)
FN:17,(anonymous_11)
FN:18,(anonymous_12)
FN:18,(anonymous_13)
FN:31,(anonymous_14)
FN:32,(anonymous_15)
FN:32,(anonymous_16)
FN:45,(anonymous_17)
FNF:8
FNH:0
FNDA:0,(anonymous_10)
FNDA:0,(anonymous_11)
FNDA:0,(anonymous_12)
FNDA:0,(anonymous_13)
FNDA:0,(anonymous_14)
FNDA:0,(anonymous_15)
FNDA:0,(anonymous_16)
FNDA:0,(anonymous_17)
DA:1,8
DA:2,8
DA:4,8
DA:5,8
DA:8,8
DA:12,0
DA:13,0
DA:14,0
DA:18,0
DA:19,0
DA:20,0
DA:21,0
DA:24,0
DA:32,0
DA:33,0
DA:34,0
DA:35,0
DA:38,0
DA:46,0
LF:19
LH:5
BRF:0
BRH:0
end_of_record
TN:
SF:src\infra\mailer\nodemailer.ts
FN:14,(anonymous_16)
FN:26,(anonymous_17)
FNF:2
FNH:2
FNDA:1,(anonymous_16)
FNDA:1,(anonymous_17)
DA:2,8
DA:3,8
DA:4,8
DA:5,8
DA:6,8
DA:8,8
DA:11,8
DA:15,1
DA:27,1
DA:32,1
DA:33,2
DA:36,1
LF:12
LH:12
BRF:0
BRH:0
end_of_record
TN:
SF:src\infra\mediaHandler\multer.ts
FN:15,(anonymous_3)
FN:28,(anonymous_4)
FN:31,(anonymous_5)
FNF:3
FNH:0
FNDA:0,(anonymous_3)
FNDA:0,(anonymous_4)
FNDA:0,(anonymous_5)
DA:1,8
DA:2,8
DA:3,8
DA:4,8
DA:9,8
DA:11,8
DA:16,0
DA:17,0
DA:19,0
DA:25,8
DA:29,0
DA:32,0
LF:12
LH:7
BRF:0
BRH:0
end_of_record
TN:
SF:src\infra\repositories\address.ts
FN:9,(anonymous_11)
FN:13,(anonymous_12)
FN:28,(anonymous_13)
FN:34,(anonymous_15)
FN:37,(anonymous_17)
FN:40,(anonymous_18)
FN:45,(anonymous_20)
FN:52,(anonymous_22)
FNF:8
FNH:4
FNDA:1,(anonymous_11)
FNDA:3,(anonymous_12)
FNDA:3,(anonymous_13)
FNDA:0,(anonymous_15)
FNDA:0,(anonymous_17)
FNDA:0,(anonymous_18)
FNDA:1,(anonymous_20)
FNDA:0,(anonymous_22)
DA:1,8
DA:2,8
DA:5,8
DA:8,8
DA:10,1
DA:14,3
DA:15,3
DA:16,3
DA:17,3
DA:18,3
DA:19,3
DA:20,3
DA:21,3
DA:22,3
DA:23,3
DA:25,3
DA:29,3
DA:30,3
DA:31,3
DA:35,0
DA:36,0
DA:37,0
DA:41,0
DA:46,1
DA:53,0
LF:25
LH:20
BRDA:30,0,0,0
BRDA:36,1,0,0
BRF:2
BRH:0
end_of_record
TN:
SF:src\infra\repositories\features.ts
FN:9,(anonymous_11)
FN:13,(anonymous_12)
FN:21,(anonymous_13)
FN:23,(anonymous_15)
FN:26,(anonymous_16)
FN:31,(anonymous_18)
FN:38,(anonymous_20)
FN:47,(anonymous_22)
FNF:8
FNH:6
FNDA:2,(anonymous_11)
FNDA:9,(anonymous_12)
FNDA:1,(anonymous_13)
FNDA:2,(anonymous_15)
FNDA:7,(anonymous_16)
FNDA:1,(anonymous_18)
FNDA:0,(anonymous_20)
FNDA:0,(anonymous_22)
DA:1,8
DA:2,8
DA:4,8
DA:8,8
DA:10,2
DA:14,9
DA:15,9
DA:16,6
DA:17,6
DA:18,6
DA:22,1
DA:23,2
DA:27,7
DA:28,7
DA:32,1
DA:39,0
DA:48,0
LF:17
LH:15
BRF:0
BRH:0
end_of_record
TN:
SF:src\infra\repositories\financialDetails.ts
FN:9,(anonymous_11)
FN:13,(anonymous_12)
FN:31,(anonymous_13)
FN:38,(anonymous_15)
FN:44,(anonymous_17)
FN:47,(anonymous_19)
FN:50,(anonymous_20)
FN:53,(anonymous_22)
FN:56,(anonymous_23)
FN:59,(anonymous_25)
FN:62,(anonymous_26)
FN:65,(anonymous_28)
FN:68,(anonymous_29)
FN:71,(anonymous_31)
FN:74,(anonymous_32)
FN:77,(anonymous_34)
FN:80,(anonymous_35)
FN:86,(anonymous_37)
FNF:18
FNH:4
FNDA:1,(anonymous_11)
FNDA:3,(anonymous_12)
FNDA:0,(anonymous_13)
FNDA:3,(anonymous_15)
FNDA:0,(anonymous_17)
FNDA:0,(anonymous_19)
FNDA:0,(anonymous_20)
FNDA:0,(anonymous_22)
FNDA:0,(anonymous_23)
FNDA:0,(anonymous_25)
FNDA:0,(anonymous_26)
FNDA:0,(anonymous_28)
FNDA:0,(anonymous_29)
FNDA:0,(anonymous_31)
FNDA:0,(anonymous_32)
FNDA:0,(anonymous_34)
FNDA:1,(anonymous_35)
FNDA:0,(anonymous_37)
DA:1,8
DA:2,8
DA:5,8
DA:8,8
DA:10,1
DA:14,3
DA:15,3
DA:16,3
DA:17,3
DA:18,3
DA:19,3
DA:20,3
DA:21,3
DA:22,3
DA:23,3
DA:24,3
DA:25,3
DA:26,3
DA:27,3
DA:28,3
DA:32,0
DA:39,3
DA:40,3
DA:41,3
DA:45,0
DA:46,0
DA:47,0
DA:51,0
DA:52,0
DA:53,0
DA:57,0
DA:58,0
DA:59,0
DA:63,0
DA:64,0
DA:65,0
DA:69,0
DA:70,0
DA:71,0
DA:75,0
DA:76,0
DA:77,0
DA:81,1
DA:87,0
LF:44
LH:24
BRDA:40,0,0,0
BRDA:46,1,0,0
BRDA:52,2,0,0
BRDA:58,3,0,0
BRDA:64,4,0,0
BRDA:70,5,0,0
BRDA:76,6,0,0
BRF:7
BRH:0
end_of_record
TN:
SF:src\infra\repositories\infrastructureDetails.ts
FN:9,(anonymous_11)
FN:13,(anonymous_12)
FN:26,(anonymous_13)
FN:32,(anonymous_15)
FN:35,(anonymous_17)
FN:38,(anonymous_18)
FN:41,(anonymous_20)
FN:44,(anonymous_21)
FN:47,(anonymous_23)
FN:50,(anonymous_24)
FN:53,(anonymous_26)
FN:56,(anonymous_27)
FN:59,(anonymous_29)
FN:62,(anonymous_30)
FN:67,(anonymous_32)
FN:72,(anonymous_34)
FNF:16
FNH:4
FNDA:1,(anonymous_11)
FNDA:3,(anonymous_12)
FNDA:3,(anonymous_13)
FNDA:0,(anonymous_15)
FNDA:0,(anonymous_17)
FNDA:0,(anonymous_18)
FNDA:0,(anonymous_20)
FNDA:0,(anonymous_21)
FNDA:0,(anonymous_23)
FNDA:0,(anonymous_24)
FNDA:0,(anonymous_26)
FNDA:0,(anonymous_27)
FNDA:0,(anonymous_29)
FNDA:0,(anonymous_30)
FNDA:1,(anonymous_32)
FNDA:0,(anonymous_34)
DA:1,8
DA:2,8
DA:5,8
DA:8,8
DA:10,1
DA:14,3
DA:15,3
DA:16,3
DA:17,3
DA:18,3
DA:19,3
DA:20,3
DA:21,3
DA:22,3
DA:23,3
DA:27,3
DA:28,3
DA:29,3
DA:33,0
DA:34,0
DA:35,0
DA:39,0
DA:40,0
DA:41,0
DA:45,0
DA:46,0
DA:47,0
DA:51,0
DA:52,0
DA:53,0
DA:57,0
DA:58,0
DA:59,0
DA:63,0
DA:68,1
DA:73,0
LF:36
LH:19
BRDA:28,0,0,0
BRDA:34,1,0,0
BRDA:40,2,0,0
BRDA:46,3,0,0
BRDA:52,4,0,0
BRDA:58,5,0,0
BRF:6
BRH:0
end_of_record
TN:
SF:src\infra\repositories\owner.ts
FN:9,(anonymous_11)
FN:13,(anonymous_12)
FN:22,(anonymous_13)
FN:27,(anonymous_15)
FN:34,(anonymous_17)
FN:44,(anonymous_19)
FNF:6
FNH:0
FNDA:0,(anonymous_11)
FNDA:0,(anonymous_12)
FNDA:0,(anonymous_13)
FNDA:0,(anonymous_15)
FNDA:0,(anonymous_17)
FNDA:0,(anonymous_19)
DA:1,8
DA:2,8
DA:4,8
DA:8,8
DA:10,0
DA:14,0
DA:15,0
DA:16,0
DA:17,0
DA:18,0
DA:19,0
DA:23,0
DA:24,0
DA:28,0
DA:35,0
DA:45,0
LF:16
LH:4
BRF:0
BRH:0
end_of_record
TN:
SF:src\infra\repositories\property.ts
FN:9,(anonymous_11)
FN:13,(anonymous_12)
FN:27,(anonymous_13)
FN:34,(anonymous_15)
FN:36,(anonymous_17)
FN:39,(anonymous_18)
FN:44,(anonymous_20)
FN:58,(anonymous_22)
FNF:8
FNH:3
FNDA:3,(anonymous_11)
FNDA:9,(anonymous_12)
FNDA:0,(anonymous_13)
FNDA:0,(anonymous_15)
FNDA:0,(anonymous_17)
FNDA:9,(anonymous_18)
FNDA:0,(anonymous_20)
FNDA:0,(anonymous_22)
DA:1,8
DA:2,8
DA:4,8
DA:8,8
DA:10,3
DA:14,9
DA:15,9
DA:16,9
DA:17,9
DA:18,9
DA:19,9
DA:20,9
DA:21,9
DA:22,9
DA:23,9
DA:24,9
DA:28,0
DA:29,0
DA:35,0
DA:36,0
DA:40,9
DA:41,9
DA:45,0
DA:47,0
DA:59,0
LF:25
LH:18
BRF:0
BRH:0
end_of_record
TN:
SF:src\infra\repositories\propertyFeatures.ts
FN:10,(anonymous_11)
FN:14,(anonymous_12)
FN:22,(anonymous_13)
FN:28,(anonymous_15)
FN:30,(anonymous_17)
FN:33,(anonymous_18)
FNF:6
FNH:5
FNDA:1,(anonymous_11)
FNDA:3,(anonymous_12)
FNDA:1,(anonymous_13)
FNDA:1,(anonymous_15)
FNDA:3,(anonymous_17)
FNDA:0,(anonymous_18)
DA:1,8
DA:2,8
DA:4,8
DA:9,8
DA:11,1
DA:15,3
DA:16,3
DA:17,3
DA:18,3
DA:19,3
DA:23,1
DA:29,1
DA:30,3
DA:34,0
LF:14
LH:13
BRF:0
BRH:0
end_of_record
TN:
SF:src\infra\repositories\ticket.ts
FN:9,(anonymous_12)
FN:13,(anonymous_13)
FN:22,(anonymous_14)
FN:26,(anonymous_16)
FN:32,(anonymous_18)
FN:35,(anonymous_20)
FN:38,(anonymous_21)
FN:44,(anonymous_23)
FN:48,(anonymous_25)
FNF:9
FNH:2
FNDA:1,(anonymous_12)
FNDA:0,(anonymous_13)
FNDA:1,(anonymous_14)
FNDA:0,(anonymous_16)
FNDA:0,(anonymous_18)
FNDA:0,(anonymous_20)
FNDA:0,(anonymous_21)
FNDA:0,(anonymous_23)
FNDA:0,(anonymous_25)
DA:1,8
DA:2,8
DA:5,8
DA:8,8
DA:10,1
DA:14,0
DA:15,0
DA:16,0
DA:17,0
DA:18,0
DA:19,0
DA:23,1
DA:27,0
DA:28,0
DA:29,0
DA:33,0
DA:34,0
DA:35,0
DA:39,0
DA:40,0
DA:41,0
DA:45,0
DA:49,0
LF:23
LH:6
BRDA:28,0,0,0
BRDA:34,1,0,0
BRDA:40,2,0,0
BRF:3
BRH:0
end_of_record
TN:
SF:src\infra\repositories\user.ts
FN:9,(anonymous_11)
FN:13,(anonymous_12)
FN:24,(anonymous_13)
FN:28,(anonymous_15)
FN:34,(anonymous_17)
FNF:5
FNH:3
FNDA:1,(anonymous_11)
FNDA:0,(anonymous_12)
FNDA:1,(anonymous_13)
FNDA:1,(anonymous_15)
FNDA:0,(anonymous_17)
DA:1,8
DA:2,8
DA:4,8
DA:8,8
DA:10,1
DA:14,0
DA:15,0
DA:16,0
DA:17,0
DA:18,0
DA:19,0
DA:20,0
DA:21,0
DA:25,1
DA:29,1
DA:30,1
DA:31,0
DA:35,0
DA:36,0
DA:37,0
LF:20
LH:8
BRDA:30,0,0,1
BRDA:36,1,0,0
BRF:2
BRH:1
end_of_record
TN:
SF:src\infra\storage\S3.ts
FN:21,(anonymous_10)
FN:24,(anonymous_11)
FN:29,(anonymous_13)
FN:37,(anonymous_15)
FNF:4
FNH:0
FNDA:0,(anonymous_10)
FNDA:0,(anonymous_11)
FNDA:0,(anonymous_13)
FNDA:0,(anonymous_15)
DA:1,8
DA:2,8
DA:4,8
DA:5,8
DA:7,8
DA:8,8
DA:9,8
DA:10,8
DA:11,8
DA:13,8
DA:14,8
DA:17,8
DA:19,0
DA:22,0
DA:25,0
DA:26,0
DA:30,0
DA:38,0
DA:39,0
DA:40,0
DA:41,0
DA:42,0
LF:22
LH:12
BRDA:40,0,0,0
BRF:1
BRH:0
end_of_record
TN:
SF:src\infra\utils\jwt.ts
FN:14,(anonymous_3)
FN:18,(anonymous_4)
FN:22,(anonymous_5)
FNF:3
FNH:3
FNDA:3,(anonymous_3)
FNDA:2,(anonymous_4)
FNDA:1,(anonymous_5)
DA:1,8
DA:3,8
DA:4,8
DA:5,8
DA:7,8
DA:10,8
DA:11,3
DA:15,3
DA:19,2
DA:23,1
LF:10
LH:10
BRDA:18,0,0,2
BRF:1
BRH:1
end_of_record
TN:
SF:src\infra\utils\uuid.ts
FN:8,(anonymous_1)
FNF:1
FNH:1
FNDA:5,(anonymous_1)
DA:1,9
DA:2,9
DA:4,9
DA:7,9
DA:9,5
LF:5
LH:5
BRF:0
BRH:0
end_of_record
TN:
SF:src\presentation\ioc.ts
FNF:0
FNH:0
DA:1,8
DA:2,8
DA:4,8
DA:6,8
DA:8,8
DA:10,8
DA:12,8
DA:14,8
DA:16,8
DA:18,8
DA:20,8
DA:22,8
DA:24,8
DA:26,8
DA:28,8
DA:30,8
DA:32,8
DA:34,8
DA:36,8
DA:38,8
DA:40,8
DA:42,8
DA:44,8
DA:46,8
DA:48,8
DA:50,8
DA:52,8
DA:54,8
DA:56,8
DA:57,8
DA:58,8
DA:59,8
DA:60,8
DA:61,8
DA:62,8
DA:63,8
DA:64,8
DA:65,8
DA:66,8
DA:67,8
DA:68,8
DA:69,8
DA:70,8
DA:71,8
DA:72,8
DA:73,8
DA:74,8
DA:75,8
DA:76,8
DA:77,8
DA:78,8
DA:79,8
DA:80,8
DA:81,8
DA:82,8
DA:84,8
LF:56
LH:56
BRF:0
BRH:0
end_of_record
